{
  "C:\\workspace\\OCR\\P5\\Tests-app-fullstack\\front\\src\\polyfills.ts": {
    "path": "C:\\workspace\\OCR\\P5\\Tests-app-fullstack\\front\\src\\polyfills.ts",
    "statementMap": {},
    "fnMap": {},
    "branchMap": {},
    "s": {},
    "f": {},
    "b": {},
    "inputSourceMap": {
      "version": 3,
      "mappings": "AAAA;;;;;;;;;;;;;;;AAgBA;;;AAIA;;;;;;;;;;;;;;;;;;;;;;;AAwBA;;;AAGA,OAAO,SAAS,CAAC,CAAE;AAGnB",
      "names": [],
      "sourceRoot": "",
      "sources": [
        "C:\\workspace\\OCR\\P5\\Tests-app-fullstack\\front\\src\\polyfills.ts"
      ],
      "sourcesContent": [
        "/**\n * This file includes polyfills needed by Angular and is loaded before the app.\n * You can add your own extra polyfills to this file.\n *\n * This file is divided into 2 sections:\n *   1. Browser polyfills. These are applied before loading ZoneJS and are sorted by browsers.\n *   2. Application imports. Files imported after ZoneJS that should be loaded before your main\n *      file.\n *\n * The current setup is for so-called \"evergreen\" browsers; the last versions of browsers that\n * automatically update themselves. This includes recent versions of Safari, Chrome (including\n * Opera), Edge on the desktop, and iOS and Chrome on mobile.\n *\n * Learn more in https://angular.io/guide/browser-support\n */\n\n/***************************************************************************************************\n * BROWSER POLYFILLS\n */\n\n/**\n * By default, zone.js will patch all possible macroTask and DomEvents\n * user can disable parts of macroTask/DomEvents patch by setting following flags\n * because those flags need to be set before `zone.js` being loaded, and webpack\n * will put import in the top of bundle, so user need to create a separate file\n * in this directory (for example: zone-flags.ts), and put the following flags\n * into that file, and then add the following code before importing zone.js.\n * import './zone-flags';\n *\n * The flags allowed in zone-flags.ts are listed here.\n *\n * The following flags will work for all browsers.\n *\n * (window as any).__Zone_disable_requestAnimationFrame = true; // disable patch requestAnimationFrame\n * (window as any).__Zone_disable_on_property = true; // disable patch onProperty such as onclick\n * (window as any).__zone_symbol__UNPATCHED_EVENTS = ['scroll', 'mousemove']; // disable patch specified eventNames\n *\n *  in IE/Edge developer tools, the addEventListener will also be wrapped by zone.js\n *  with the following flag, it will bypass `zone.js` patch for IE/Edge\n *\n *  (window as any).__Zone_enable_cross_context_check = true;\n *\n */\n\n/***************************************************************************************************\n * Zone JS is required by default for Angular itself.\n */\nimport 'zone.js';  // Included with Angular CLI.\n\n\n/***************************************************************************************************\n * APPLICATION IMPORTS\n */\n"
      ]
    },
    "_coverageSchema": "1a1c01bbd47fc00a2c39e90264f33305004495a9",
    "hash": "6e40bb36390ba2da4f365bf3509dec41c90c0bb1"
  },
  "C:\\workspace\\OCR\\P5\\Tests-app-fullstack\\front\\src\\app\\services\\session.service.ts": {
    "path": "C:\\workspace\\OCR\\P5\\Tests-app-fullstack\\front\\src\\app\\services\\session.service.ts",
    "statementMap": {
      "0": {
        "start": {
          "line": 3,
          "column": 41
        },
        "end": {
          "line": 35,
          "column": 4
        }
      },
      "1": {
        "start": {
          "line": 6,
          "column": 6
        },
        "end": {
          "line": 6,
          "column": 28
        }
      },
      "2": {
        "start": {
          "line": 7,
          "column": 6
        },
        "end": {
          "line": 7,
          "column": 64
        }
      },
      "3": {
        "start": {
          "line": 10,
          "column": 6
        },
        "end": {
          "line": 10,
          "column": 49
        }
      },
      "4": {
        "start": {
          "line": 13,
          "column": 6
        },
        "end": {
          "line": 13,
          "column": 37
        }
      },
      "5": {
        "start": {
          "line": 14,
          "column": 6
        },
        "end": {
          "line": 14,
          "column": 27
        }
      },
      "6": {
        "start": {
          "line": 15,
          "column": 6
        },
        "end": {
          "line": 15,
          "column": 18
        }
      },
      "7": {
        "start": {
          "line": 18,
          "column": 6
        },
        "end": {
          "line": 18,
          "column": 42
        }
      },
      "8": {
        "start": {
          "line": 19,
          "column": 6
        },
        "end": {
          "line": 19,
          "column": 28
        }
      },
      "9": {
        "start": {
          "line": 20,
          "column": 6
        },
        "end": {
          "line": 20,
          "column": 18
        }
      },
      "10": {
        "start": {
          "line": 23,
          "column": 6
        },
        "end": {
          "line": 23,
          "column": 47
        }
      },
      "11": {
        "start": {
          "line": 26,
          "column": 2
        },
        "end": {
          "line": 28,
          "column": 4
        }
      },
      "12": {
        "start": {
          "line": 27,
          "column": 4
        },
        "end": {
          "line": 27,
          "column": 39
        }
      },
      "13": {
        "start": {
          "line": 29,
          "column": 2
        },
        "end": {
          "line": 33,
          "column": 5
        }
      },
      "14": {
        "start": {
          "line": 34,
          "column": 2
        },
        "end": {
          "line": 34,
          "column": 24
        }
      }
    },
    "fnMap": {
      "0": {
        "name": "(anonymous_0)",
        "decl": {
          "start": {
            "line": 3,
            "column": 42
          },
          "end": {
            "line": 3,
            "column": 43
          }
        },
        "loc": {
          "start": {
            "line": 3,
            "column": 48
          },
          "end": {
            "line": 35,
            "column": 1
          }
        },
        "line": 3
      },
      "1": {
        "name": "(anonymous_1)",
        "decl": {
          "start": {
            "line": 5,
            "column": 4
          },
          "end": {
            "line": 5,
            "column": 5
          }
        },
        "loc": {
          "start": {
            "line": 5,
            "column": 18
          },
          "end": {
            "line": 8,
            "column": 5
          }
        },
        "line": 5
      },
      "2": {
        "name": "(anonymous_2)",
        "decl": {
          "start": {
            "line": 9,
            "column": 4
          },
          "end": {
            "line": 9,
            "column": 5
          }
        },
        "loc": {
          "start": {
            "line": 9,
            "column": 16
          },
          "end": {
            "line": 11,
            "column": 5
          }
        },
        "line": 9
      },
      "3": {
        "name": "(anonymous_3)",
        "decl": {
          "start": {
            "line": 12,
            "column": 4
          },
          "end": {
            "line": 12,
            "column": 5
          }
        },
        "loc": {
          "start": {
            "line": 12,
            "column": 16
          },
          "end": {
            "line": 16,
            "column": 5
          }
        },
        "line": 12
      },
      "4": {
        "name": "(anonymous_4)",
        "decl": {
          "start": {
            "line": 17,
            "column": 4
          },
          "end": {
            "line": 17,
            "column": 5
          }
        },
        "loc": {
          "start": {
            "line": 17,
            "column": 13
          },
          "end": {
            "line": 21,
            "column": 5
          }
        },
        "line": 17
      },
      "5": {
        "name": "(anonymous_5)",
        "decl": {
          "start": {
            "line": 22,
            "column": 4
          },
          "end": {
            "line": 22,
            "column": 5
          }
        },
        "loc": {
          "start": {
            "line": 22,
            "column": 11
          },
          "end": {
            "line": 24,
            "column": 5
          }
        },
        "line": 22
      },
      "6": {
        "name": "SessionService_Factory",
        "decl": {
          "start": {
            "line": 26,
            "column": 33
          },
          "end": {
            "line": 26,
            "column": 55
          }
        },
        "loc": {
          "start": {
            "line": 26,
            "column": 59
          },
          "end": {
            "line": 28,
            "column": 3
          }
        },
        "line": 26
      }
    },
    "branchMap": {
      "0": {
        "loc": {
          "start": {
            "line": 27,
            "column": 16
          },
          "end": {
            "line": 27,
            "column": 35
          }
        },
        "type": "binary-expr",
        "locations": [
          {
            "start": {
              "line": 27,
              "column": 16
            },
            "end": {
              "line": 27,
              "column": 17
            }
          },
          {
            "start": {
              "line": 27,
              "column": 21
            },
            "end": {
              "line": 27,
              "column": 35
            }
          }
        ],
        "line": 27
      }
    },
    "s": {
      "0": 21,
      "1": 21,
      "2": 21,
      "3": 1221,
      "4": 15,
      "5": 15,
      "6": 15,
      "7": 2,
      "8": 2,
      "9": 2,
      "10": 17,
      "11": 21,
      "12": 21,
      "13": 21,
      "14": 21
    },
    "f": {
      "0": 21,
      "1": 21,
      "2": 1221,
      "3": 15,
      "4": 2,
      "5": 17,
      "6": 21
    },
    "b": {
      "0": [
        21,
        21
      ]
    },
    "inputSourceMap": {
      "version": 3,
      "mappings": "AACA,SAASA,eAAe,QAAoB,MAAM;;AAMlD,WAAaC,cAAc;EAArB,MAAOA,cAAc;IAH3BC,YAAA;MAKS,KAAAC,QAAQ,GAAG,KAAK;MAGf,KAAAC,eAAe,GAAG,IAAIJ,eAAe,CAAU,IAAI,CAACG,QAAQ,CAAC;;IAE9DE,SAASA,CAAA;MACd,OAAO,IAAI,CAACD,eAAe,CAACE,YAAY,EAAE;IAC5C;IAEOC,KAAKA,CAACC,IAAwB;MACnC,IAAI,CAACC,kBAAkB,GAAGD,IAAI;MAC9B,IAAI,CAACL,QAAQ,GAAG,IAAI;MACpB,IAAI,CAACO,IAAI,EAAE;IACb;IAEOC,MAAMA,CAAA;MACX,IAAI,CAACF,kBAAkB,GAAGG,SAAS;MACnC,IAAI,CAACT,QAAQ,GAAG,KAAK;MACrB,IAAI,CAACO,IAAI,EAAE;IACb;IAEQA,IAAIA,CAAA;MACV,IAAI,CAACN,eAAe,CAACM,IAAI,CAAC,IAAI,CAACP,QAAQ,CAAC;IAC1C;;;qBAzBWF,cAAc;EAAA;;WAAdA,cAAc;IAAAY,OAAA,EAAdZ,cAAc,CAAAa,IAAA;IAAAC,UAAA,EAFb;EAAM;EAAA,OAEPd,cAAc;AAAA",
      "names": [
        "BehaviorSubject",
        "SessionService",
        "constructor",
        "isLogged",
        "isLoggedSubject",
        "$isLogged",
        "asObservable",
        "logIn",
        "user",
        "sessionInformation",
        "next",
        "logOut",
        "undefined",
        "factory",
        "ɵfac",
        "providedIn"
      ],
      "sourceRoot": "",
      "sources": [
        "C:\\workspace\\OCR\\P5\\Tests-app-fullstack\\front\\src\\app\\services\\session.service.ts"
      ],
      "sourcesContent": [
        "import { Injectable } from '@angular/core';\nimport { BehaviorSubject, Observable } from 'rxjs';\nimport { SessionInformation } from '../interfaces/sessionInformation.interface';\n\n@Injectable({\n  providedIn: 'root'\n})\nexport class SessionService {\n\n  public isLogged = false;\n  public sessionInformation: SessionInformation | undefined;\n\n  private isLoggedSubject = new BehaviorSubject<boolean>(this.isLogged);\n\n  public $isLogged(): Observable<boolean> {\n    return this.isLoggedSubject.asObservable();\n  }\n\n  public logIn(user: SessionInformation): void {\n    this.sessionInformation = user;\n    this.isLogged = true;\n    this.next();\n  }\n\n  public logOut(): void {\n    this.sessionInformation = undefined;\n    this.isLogged = false;\n    this.next();\n  }\n\n  private next(): void {\n    this.isLoggedSubject.next(this.isLogged);\n  }\n}\n"
      ]
    },
    "_coverageSchema": "1a1c01bbd47fc00a2c39e90264f33305004495a9",
    "hash": "5fffed2c852291745db2ce321b692cbb9cae1f08"
  },
  "C:\\workspace\\OCR\\P5\\Tests-app-fullstack\\front\\src\\app\\services\\user.service.ts": {
    "path": "C:\\workspace\\OCR\\P5\\Tests-app-fullstack\\front\\src\\app\\services\\user.service.ts",
    "statementMap": {
      "0": {
        "start": {
          "line": 3,
          "column": 38
        },
        "end": {
          "line": 25,
          "column": 4
        }
      },
      "1": {
        "start": {
          "line": 6,
          "column": 6
        },
        "end": {
          "line": 6,
          "column": 35
        }
      },
      "2": {
        "start": {
          "line": 7,
          "column": 6
        },
        "end": {
          "line": 7,
          "column": 36
        }
      },
      "3": {
        "start": {
          "line": 10,
          "column": 6
        },
        "end": {
          "line": 10,
          "column": 62
        }
      },
      "4": {
        "start": {
          "line": 13,
          "column": 6
        },
        "end": {
          "line": 13,
          "column": 65
        }
      },
      "5": {
        "start": {
          "line": 16,
          "column": 2
        },
        "end": {
          "line": 18,
          "column": 4
        }
      },
      "6": {
        "start": {
          "line": 17,
          "column": 4
        },
        "end": {
          "line": 17,
          "column": 62
        }
      },
      "7": {
        "start": {
          "line": 19,
          "column": 2
        },
        "end": {
          "line": 23,
          "column": 5
        }
      },
      "8": {
        "start": {
          "line": 24,
          "column": 2
        },
        "end": {
          "line": 24,
          "column": 21
        }
      }
    },
    "fnMap": {
      "0": {
        "name": "(anonymous_0)",
        "decl": {
          "start": {
            "line": 3,
            "column": 39
          },
          "end": {
            "line": 3,
            "column": 40
          }
        },
        "loc": {
          "start": {
            "line": 3,
            "column": 45
          },
          "end": {
            "line": 25,
            "column": 1
          }
        },
        "line": 3
      },
      "1": {
        "name": "(anonymous_1)",
        "decl": {
          "start": {
            "line": 5,
            "column": 4
          },
          "end": {
            "line": 5,
            "column": 5
          }
        },
        "loc": {
          "start": {
            "line": 5,
            "column": 28
          },
          "end": {
            "line": 8,
            "column": 5
          }
        },
        "line": 5
      },
      "2": {
        "name": "(anonymous_2)",
        "decl": {
          "start": {
            "line": 9,
            "column": 4
          },
          "end": {
            "line": 9,
            "column": 5
          }
        },
        "loc": {
          "start": {
            "line": 9,
            "column": 16
          },
          "end": {
            "line": 11,
            "column": 5
          }
        },
        "line": 9
      },
      "3": {
        "name": "(anonymous_3)",
        "decl": {
          "start": {
            "line": 12,
            "column": 4
          },
          "end": {
            "line": 12,
            "column": 5
          }
        },
        "loc": {
          "start": {
            "line": 12,
            "column": 15
          },
          "end": {
            "line": 14,
            "column": 5
          }
        },
        "line": 12
      },
      "4": {
        "name": "UserService_Factory",
        "decl": {
          "start": {
            "line": 16,
            "column": 30
          },
          "end": {
            "line": 16,
            "column": 49
          }
        },
        "loc": {
          "start": {
            "line": 16,
            "column": 53
          },
          "end": {
            "line": 18,
            "column": 3
          }
        },
        "line": 16
      }
    },
    "branchMap": {
      "0": {
        "loc": {
          "start": {
            "line": 17,
            "column": 16
          },
          "end": {
            "line": 17,
            "column": 32
          }
        },
        "type": "binary-expr",
        "locations": [
          {
            "start": {
              "line": 17,
              "column": 16
            },
            "end": {
              "line": 17,
              "column": 17
            }
          },
          {
            "start": {
              "line": 17,
              "column": 21
            },
            "end": {
              "line": 17,
              "column": 32
            }
          }
        ],
        "line": 17
      }
    },
    "s": {
      "0": 21,
      "1": 3,
      "2": 3,
      "3": 3,
      "4": 1,
      "5": 21,
      "6": 3,
      "7": 21,
      "8": 21
    },
    "f": {
      "0": 21,
      "1": 3,
      "2": 3,
      "3": 1,
      "4": 3
    },
    "b": {
      "0": [
        3,
        3
      ]
    },
    "inputSourceMap": {
      "version": 3,
      "mappings": ";;AAQA,WAAaA,WAAW;EAAlB,MAAOA,WAAW;IAItBC,YAAoBC,UAAsB;MAAtB,KAAAA,UAAU,GAAVA,UAAU;MAFtB,KAAAC,WAAW,GAAG,UAAU;IAEc;IAEvCC,OAAOA,CAACC,EAAU;MACvB,OAAO,IAAI,CAACH,UAAU,CAACI,GAAG,CAAO,GAAG,IAAI,CAACH,WAAW,IAAIE,EAAE,EAAE,CAAC;IAC/D;IAEOE,MAAMA,CAACF,EAAU;MACtB,OAAO,IAAI,CAACH,UAAU,CAACK,MAAM,CAAC,GAAG,IAAI,CAACJ,WAAW,IAAIE,EAAE,EAAE,CAAC;IAC5D;;;qBAZWL,WAAW,EAAAQ,EAAA,CAAAC,QAAA,CAAAC,EAAA,CAAAC,UAAA;EAAA;;WAAXX,WAAW;IAAAY,OAAA,EAAXZ,WAAW,CAAAa,IAAA;IAAAC,UAAA,EAFV;EAAM;EAAA,OAEPd,WAAW;AAAA",
      "names": [
        "UserService",
        "constructor",
        "httpClient",
        "pathService",
        "getById",
        "id",
        "get",
        "delete",
        "i0",
        "ɵɵinject",
        "i1",
        "HttpClient",
        "factory",
        "ɵfac",
        "providedIn"
      ],
      "sourceRoot": "",
      "sources": [
        "C:\\workspace\\OCR\\P5\\Tests-app-fullstack\\front\\src\\app\\services\\user.service.ts"
      ],
      "sourcesContent": [
        "import { HttpClient } from '@angular/common/http';\nimport { Injectable } from '@angular/core';\nimport { Observable } from 'rxjs';\nimport { User } from '../interfaces/user.interface';\n\n@Injectable({\n  providedIn: 'root'\n})\nexport class UserService {\n\n  private pathService = 'api/user';\n\n  constructor(private httpClient: HttpClient) { }\n\n  public getById(id: string): Observable<User> {\n    return this.httpClient.get<User>(`${this.pathService}/${id}`);\n  }\n\n  public delete(id: string): Observable<any> {\n    return this.httpClient.delete(`${this.pathService}/${id}`);\n  }\n}\n"
      ]
    },
    "_coverageSchema": "1a1c01bbd47fc00a2c39e90264f33305004495a9",
    "hash": "4e120bbe7948f164cd92e7402e0010d6e4979a6f"
  },
  "C:\\workspace\\OCR\\P5\\Tests-app-fullstack\\front\\src\\app\\components\\me\\me.component.ts": {
    "path": "C:\\workspace\\OCR\\P5\\Tests-app-fullstack\\front\\src\\app\\components\\me\\me.component.ts",
    "statementMap": {
      "0": {
        "start": {
          "line": 12,
          "column": 2
        },
        "end": {
          "line": 16,
          "column": 3
        }
      },
      "1": {
        "start": {
          "line": 13,
          "column": 4
        },
        "end": {
          "line": 13,
          "column": 33
        }
      },
      "2": {
        "start": {
          "line": 14,
          "column": 4
        },
        "end": {
          "line": 14,
          "column": 34
        }
      },
      "3": {
        "start": {
          "line": 15,
          "column": 4
        },
        "end": {
          "line": 15,
          "column": 22
        }
      },
      "4": {
        "start": {
          "line": 19,
          "column": 2
        },
        "end": {
          "line": 36,
          "column": 3
        }
      },
      "5": {
        "start": {
          "line": 20,
          "column": 16
        },
        "end": {
          "line": 20,
          "column": 37
        }
      },
      "6": {
        "start": {
          "line": 21,
          "column": 4
        },
        "end": {
          "line": 21,
          "column": 43
        }
      },
      "7": {
        "start": {
          "line": 22,
          "column": 4
        },
        "end": {
          "line": 22,
          "column": 39
        }
      },
      "8": {
        "start": {
          "line": 23,
          "column": 4
        },
        "end": {
          "line": 23,
          "column": 22
        }
      },
      "9": {
        "start": {
          "line": 24,
          "column": 4
        },
        "end": {
          "line": 24,
          "column": 39
        }
      },
      "10": {
        "start": {
          "line": 25,
          "column": 4
        },
        "end": {
          "line": 29,
          "column": 7
        }
      },
      "11": {
        "start": {
          "line": 26,
          "column": 6
        },
        "end": {
          "line": 26,
          "column": 28
        }
      },
      "12": {
        "start": {
          "line": 27,
          "column": 21
        },
        "end": {
          "line": 27,
          "column": 40
        }
      },
      "13": {
        "start": {
          "line": 28,
          "column": 6
        },
        "end": {
          "line": 28,
          "column": 45
        }
      },
      "14": {
        "start": {
          "line": 30,
          "column": 4
        },
        "end": {
          "line": 30,
          "column": 37
        }
      },
      "15": {
        "start": {
          "line": 31,
          "column": 4
        },
        "end": {
          "line": 31,
          "column": 27
        }
      },
      "16": {
        "start": {
          "line": 32,
          "column": 4
        },
        "end": {
          "line": 32,
          "column": 22
        }
      },
      "17": {
        "start": {
          "line": 33,
          "column": 4
        },
        "end": {
          "line": 33,
          "column": 37
        }
      },
      "18": {
        "start": {
          "line": 34,
          "column": 4
        },
        "end": {
          "line": 34,
          "column": 27
        }
      },
      "19": {
        "start": {
          "line": 35,
          "column": 4
        },
        "end": {
          "line": 35,
          "column": 26
        }
      },
      "20": {
        "start": {
          "line": 39,
          "column": 2
        },
        "end": {
          "line": 61,
          "column": 3
        }
      },
      "21": {
        "start": {
          "line": 40,
          "column": 4
        },
        "end": {
          "line": 40,
          "column": 43
        }
      },
      "22": {
        "start": {
          "line": 41,
          "column": 4
        },
        "end": {
          "line": 41,
          "column": 17
        }
      },
      "23": {
        "start": {
          "line": 42,
          "column": 4
        },
        "end": {
          "line": 42,
          "column": 30
        }
      },
      "24": {
        "start": {
          "line": 43,
          "column": 4
        },
        "end": {
          "line": 43,
          "column": 22
        }
      },
      "25": {
        "start": {
          "line": 44,
          "column": 4
        },
        "end": {
          "line": 44,
          "column": 30
        }
      },
      "26": {
        "start": {
          "line": 45,
          "column": 4
        },
        "end": {
          "line": 45,
          "column": 17
        }
      },
      "27": {
        "start": {
          "line": 46,
          "column": 4
        },
        "end": {
          "line": 46,
          "column": 22
        }
      },
      "28": {
        "start": {
          "line": 47,
          "column": 4
        },
        "end": {
          "line": 47,
          "column": 68
        }
      },
      "29": {
        "start": {
          "line": 48,
          "column": 4
        },
        "end": {
          "line": 48,
          "column": 72
        }
      },
      "30": {
        "start": {
          "line": 49,
          "column": 4
        },
        "end": {
          "line": 49,
          "column": 52
        }
      },
      "31": {
        "start": {
          "line": 50,
          "column": 4
        },
        "end": {
          "line": 50,
          "column": 33
        }
      },
      "32": {
        "start": {
          "line": 51,
          "column": 4
        },
        "end": {
          "line": 51,
          "column": 22
        }
      },
      "33": {
        "start": {
          "line": 52,
          "column": 4
        },
        "end": {
          "line": 52,
          "column": 18
        }
      },
      "34": {
        "start": {
          "line": 53,
          "column": 4
        },
        "end": {
          "line": 53,
          "column": 26
        }
      },
      "35": {
        "start": {
          "line": 54,
          "column": 4
        },
        "end": {
          "line": 54,
          "column": 22
        }
      },
      "36": {
        "start": {
          "line": 55,
          "column": 4
        },
        "end": {
          "line": 55,
          "column": 40
        }
      },
      "37": {
        "start": {
          "line": 56,
          "column": 4
        },
        "end": {
          "line": 56,
          "column": 35
        }
      },
      "38": {
        "start": {
          "line": 57,
          "column": 4
        },
        "end": {
          "line": 57,
          "column": 22
        }
      },
      "39": {
        "start": {
          "line": 58,
          "column": 4
        },
        "end": {
          "line": 58,
          "column": 18
        }
      },
      "40": {
        "start": {
          "line": 59,
          "column": 4
        },
        "end": {
          "line": 59,
          "column": 26
        }
      },
      "41": {
        "start": {
          "line": 60,
          "column": 4
        },
        "end": {
          "line": 60,
          "column": 26
        }
      },
      "42": {
        "start": {
          "line": 62,
          "column": 2
        },
        "end": {
          "line": 76,
          "column": 3
        }
      },
      "43": {
        "start": {
          "line": 63,
          "column": 19
        },
        "end": {
          "line": 63,
          "column": 37
        }
      },
      "44": {
        "start": {
          "line": 64,
          "column": 4
        },
        "end": {
          "line": 64,
          "column": 20
        }
      },
      "45": {
        "start": {
          "line": 65,
          "column": 4
        },
        "end": {
          "line": 65,
          "column": 112
        }
      },
      "46": {
        "start": {
          "line": 66,
          "column": 4
        },
        "end": {
          "line": 66,
          "column": 20
        }
      },
      "47": {
        "start": {
          "line": 67,
          "column": 4
        },
        "end": {
          "line": 67,
          "column": 60
        }
      },
      "48": {
        "start": {
          "line": 68,
          "column": 4
        },
        "end": {
          "line": 68,
          "column": 20
        }
      },
      "49": {
        "start": {
          "line": 69,
          "column": 4
        },
        "end": {
          "line": 69,
          "column": 45
        }
      },
      "50": {
        "start": {
          "line": 70,
          "column": 4
        },
        "end": {
          "line": 70,
          "column": 20
        }
      },
      "51": {
        "start": {
          "line": 71,
          "column": 4
        },
        "end": {
          "line": 71,
          "column": 46
        }
      },
      "52": {
        "start": {
          "line": 72,
          "column": 4
        },
        "end": {
          "line": 72,
          "column": 20
        }
      },
      "53": {
        "start": {
          "line": 73,
          "column": 4
        },
        "end": {
          "line": 73,
          "column": 93
        }
      },
      "54": {
        "start": {
          "line": 74,
          "column": 4
        },
        "end": {
          "line": 74,
          "column": 20
        }
      },
      "55": {
        "start": {
          "line": 75,
          "column": 4
        },
        "end": {
          "line": 75,
          "column": 94
        }
      },
      "56": {
        "start": {
          "line": 78,
          "column": 38
        },
        "end": {
          "line": 135,
          "column": 4
        }
      },
      "57": {
        "start": {
          "line": 81,
          "column": 6
        },
        "end": {
          "line": 81,
          "column": 27
        }
      },
      "58": {
        "start": {
          "line": 82,
          "column": 6
        },
        "end": {
          "line": 82,
          "column": 43
        }
      },
      "59": {
        "start": {
          "line": 83,
          "column": 6
        },
        "end": {
          "line": 83,
          "column": 37
        }
      },
      "60": {
        "start": {
          "line": 84,
          "column": 6
        },
        "end": {
          "line": 84,
          "column": 37
        }
      },
      "61": {
        "start": {
          "line": 87,
          "column": 6
        },
        "end": {
          "line": 87,
          "column": 121
        }
      },
      "62": {
        "start": {
          "line": 87,
          "column": 103
        },
        "end": {
          "line": 87,
          "column": 119
        }
      },
      "63": {
        "start": {
          "line": 90,
          "column": 6
        },
        "end": {
          "line": 90,
          "column": 28
        }
      },
      "64": {
        "start": {
          "line": 93,
          "column": 6
        },
        "end": {
          "line": 99,
          "column": 9
        }
      },
      "65": {
        "start": {
          "line": 94,
          "column": 8
        },
        "end": {
          "line": 96,
          "column": 11
        }
      },
      "66": {
        "start": {
          "line": 97,
          "column": 8
        },
        "end": {
          "line": 97,
          "column": 37
        }
      },
      "67": {
        "start": {
          "line": 98,
          "column": 8
        },
        "end": {
          "line": 98,
          "column": 36
        }
      },
      "68": {
        "start": {
          "line": 102,
          "column": 2
        },
        "end": {
          "line": 104,
          "column": 4
        }
      },
      "69": {
        "start": {
          "line": 103,
          "column": 4
        },
        "end": {
          "line": 103,
          "column": 184
        }
      },
      "70": {
        "start": {
          "line": 105,
          "column": 2
        },
        "end": {
          "line": 133,
          "column": 5
        }
      },
      "71": {
        "start": {
          "line": 112,
          "column": 6
        },
        "end": {
          "line": 126,
          "column": 7
        }
      },
      "72": {
        "start": {
          "line": 113,
          "column": 8
        },
        "end": {
          "line": 113,
          "column": 104
        }
      },
      "73": {
        "start": {
          "line": 114,
          "column": 8
        },
        "end": {
          "line": 116,
          "column": 11
        }
      },
      "74": {
        "start": {
          "line": 115,
          "column": 10
        },
        "end": {
          "line": 115,
          "column": 28
        }
      },
      "75": {
        "start": {
          "line": 117,
          "column": 8
        },
        "end": {
          "line": 117,
          "column": 41
        }
      },
      "76": {
        "start": {
          "line": 118,
          "column": 8
        },
        "end": {
          "line": 118,
          "column": 35
        }
      },
      "77": {
        "start": {
          "line": 119,
          "column": 8
        },
        "end": {
          "line": 119,
          "column": 28
        }
      },
      "78": {
        "start": {
          "line": 120,
          "column": 8
        },
        "end": {
          "line": 120,
          "column": 35
        }
      },
      "79": {
        "start": {
          "line": 121,
          "column": 8
        },
        "end": {
          "line": 121,
          "column": 41
        }
      },
      "80": {
        "start": {
          "line": 122,
          "column": 8
        },
        "end": {
          "line": 122,
          "column": 30
        }
      },
      "81": {
        "start": {
          "line": 123,
          "column": 8
        },
        "end": {
          "line": 123,
          "column": 49
        }
      },
      "82": {
        "start": {
          "line": 124,
          "column": 8
        },
        "end": {
          "line": 124,
          "column": 73
        }
      },
      "83": {
        "start": {
          "line": 125,
          "column": 8
        },
        "end": {
          "line": 125,
          "column": 30
        }
      },
      "84": {
        "start": {
          "line": 127,
          "column": 6
        },
        "end": {
          "line": 130,
          "column": 7
        }
      },
      "85": {
        "start": {
          "line": 128,
          "column": 8
        },
        "end": {
          "line": 128,
          "column": 25
        }
      },
      "86": {
        "start": {
          "line": 129,
          "column": 8
        },
        "end": {
          "line": 129,
          "column": 40
        }
      },
      "87": {
        "start": {
          "line": 134,
          "column": 2
        },
        "end": {
          "line": 134,
          "column": 21
        }
      }
    },
    "fnMap": {
      "0": {
        "name": "MeComponent_div_10_p_6_Template",
        "decl": {
          "start": {
            "line": 11,
            "column": 9
          },
          "end": {
            "line": 11,
            "column": 40
          }
        },
        "loc": {
          "start": {
            "line": 11,
            "column": 50
          },
          "end": {
            "line": 17,
            "column": 1
          }
        },
        "line": 11
      },
      "1": {
        "name": "MeComponent_div_10_div_7_Template",
        "decl": {
          "start": {
            "line": 18,
            "column": 9
          },
          "end": {
            "line": 18,
            "column": 42
          }
        },
        "loc": {
          "start": {
            "line": 18,
            "column": 52
          },
          "end": {
            "line": 37,
            "column": 1
          }
        },
        "line": 18
      },
      "2": {
        "name": "MeComponent_div_10_div_7_Template_button_click_3_listener",
        "decl": {
          "start": {
            "line": 25,
            "column": 36
          },
          "end": {
            "line": 25,
            "column": 93
          }
        },
        "loc": {
          "start": {
            "line": 25,
            "column": 96
          },
          "end": {
            "line": 29,
            "column": 5
          }
        },
        "line": 25
      },
      "3": {
        "name": "MeComponent_div_10_Template",
        "decl": {
          "start": {
            "line": 38,
            "column": 9
          },
          "end": {
            "line": 38,
            "column": 36
          }
        },
        "loc": {
          "start": {
            "line": 38,
            "column": 46
          },
          "end": {
            "line": 77,
            "column": 1
          }
        },
        "line": 38
      },
      "4": {
        "name": "(anonymous_4)",
        "decl": {
          "start": {
            "line": 78,
            "column": 39
          },
          "end": {
            "line": 78,
            "column": 40
          }
        },
        "loc": {
          "start": {
            "line": 78,
            "column": 45
          },
          "end": {
            "line": 135,
            "column": 1
          }
        },
        "line": 78
      },
      "5": {
        "name": "(anonymous_5)",
        "decl": {
          "start": {
            "line": 80,
            "column": 4
          },
          "end": {
            "line": 80,
            "column": 5
          }
        },
        "loc": {
          "start": {
            "line": 80,
            "column": 66
          },
          "end": {
            "line": 85,
            "column": 5
          }
        },
        "line": 80
      },
      "6": {
        "name": "(anonymous_6)",
        "decl": {
          "start": {
            "line": 86,
            "column": 4
          },
          "end": {
            "line": 86,
            "column": 5
          }
        },
        "loc": {
          "start": {
            "line": 86,
            "column": 15
          },
          "end": {
            "line": 88,
            "column": 5
          }
        },
        "line": 86
      },
      "7": {
        "name": "(anonymous_7)",
        "decl": {
          "start": {
            "line": 87,
            "column": 95
          },
          "end": {
            "line": 87,
            "column": 96
          }
        },
        "loc": {
          "start": {
            "line": 87,
            "column": 103
          },
          "end": {
            "line": 87,
            "column": 119
          }
        },
        "line": 87
      },
      "8": {
        "name": "(anonymous_8)",
        "decl": {
          "start": {
            "line": 89,
            "column": 4
          },
          "end": {
            "line": 89,
            "column": 5
          }
        },
        "loc": {
          "start": {
            "line": 89,
            "column": 11
          },
          "end": {
            "line": 91,
            "column": 5
          }
        },
        "line": 89
      },
      "9": {
        "name": "(anonymous_9)",
        "decl": {
          "start": {
            "line": 92,
            "column": 4
          },
          "end": {
            "line": 92,
            "column": 5
          }
        },
        "loc": {
          "start": {
            "line": 92,
            "column": 13
          },
          "end": {
            "line": 100,
            "column": 5
          }
        },
        "line": 92
      },
      "10": {
        "name": "(anonymous_10)",
        "decl": {
          "start": {
            "line": 93,
            "column": 94
          },
          "end": {
            "line": 93,
            "column": 95
          }
        },
        "loc": {
          "start": {
            "line": 93,
            "column": 99
          },
          "end": {
            "line": 99,
            "column": 7
          }
        },
        "line": 93
      },
      "11": {
        "name": "MeComponent_Factory",
        "decl": {
          "start": {
            "line": 102,
            "column": 30
          },
          "end": {
            "line": 102,
            "column": 49
          }
        },
        "loc": {
          "start": {
            "line": 102,
            "column": 53
          },
          "end": {
            "line": 104,
            "column": 3
          }
        },
        "line": 102
      },
      "12": {
        "name": "MeComponent_Template",
        "decl": {
          "start": {
            "line": 111,
            "column": 23
          },
          "end": {
            "line": 111,
            "column": 43
          }
        },
        "loc": {
          "start": {
            "line": 111,
            "column": 53
          },
          "end": {
            "line": 131,
            "column": 5
          }
        },
        "line": 111
      },
      "13": {
        "name": "MeComponent_Template_button_click_4_listener",
        "decl": {
          "start": {
            "line": 114,
            "column": 40
          },
          "end": {
            "line": 114,
            "column": 84
          }
        },
        "loc": {
          "start": {
            "line": 114,
            "column": 87
          },
          "end": {
            "line": 116,
            "column": 9
          }
        },
        "line": 114
      }
    },
    "branchMap": {
      "0": {
        "loc": {
          "start": {
            "line": 12,
            "column": 2
          },
          "end": {
            "line": 16,
            "column": 3
          }
        },
        "type": "if",
        "locations": [
          {
            "start": {
              "line": 12,
              "column": 2
            },
            "end": {
              "line": 16,
              "column": 3
            }
          },
          {
            "start": {
              "line": 12,
              "column": 2
            },
            "end": {
              "line": 16,
              "column": 3
            }
          }
        ],
        "line": 12
      },
      "1": {
        "loc": {
          "start": {
            "line": 19,
            "column": 2
          },
          "end": {
            "line": 36,
            "column": 3
          }
        },
        "type": "if",
        "locations": [
          {
            "start": {
              "line": 19,
              "column": 2
            },
            "end": {
              "line": 36,
              "column": 3
            }
          },
          {
            "start": {
              "line": 19,
              "column": 2
            },
            "end": {
              "line": 36,
              "column": 3
            }
          }
        ],
        "line": 19
      },
      "2": {
        "loc": {
          "start": {
            "line": 39,
            "column": 2
          },
          "end": {
            "line": 61,
            "column": 3
          }
        },
        "type": "if",
        "locations": [
          {
            "start": {
              "line": 39,
              "column": 2
            },
            "end": {
              "line": 61,
              "column": 3
            }
          },
          {
            "start": {
              "line": 39,
              "column": 2
            },
            "end": {
              "line": 61,
              "column": 3
            }
          }
        ],
        "line": 39
      },
      "3": {
        "loc": {
          "start": {
            "line": 62,
            "column": 2
          },
          "end": {
            "line": 76,
            "column": 3
          }
        },
        "type": "if",
        "locations": [
          {
            "start": {
              "line": 62,
              "column": 2
            },
            "end": {
              "line": 76,
              "column": 3
            }
          },
          {
            "start": {
              "line": 62,
              "column": 2
            },
            "end": {
              "line": 76,
              "column": 3
            }
          }
        ],
        "line": 62
      },
      "4": {
        "loc": {
          "start": {
            "line": 103,
            "column": 16
          },
          "end": {
            "line": 103,
            "column": 32
          }
        },
        "type": "binary-expr",
        "locations": [
          {
            "start": {
              "line": 103,
              "column": 16
            },
            "end": {
              "line": 103,
              "column": 17
            }
          },
          {
            "start": {
              "line": 103,
              "column": 21
            },
            "end": {
              "line": 103,
              "column": 32
            }
          }
        ],
        "line": 103
      },
      "5": {
        "loc": {
          "start": {
            "line": 112,
            "column": 6
          },
          "end": {
            "line": 126,
            "column": 7
          }
        },
        "type": "if",
        "locations": [
          {
            "start": {
              "line": 112,
              "column": 6
            },
            "end": {
              "line": 126,
              "column": 7
            }
          },
          {
            "start": {
              "line": 112,
              "column": 6
            },
            "end": {
              "line": 126,
              "column": 7
            }
          }
        ],
        "line": 112
      },
      "6": {
        "loc": {
          "start": {
            "line": 127,
            "column": 6
          },
          "end": {
            "line": 130,
            "column": 7
          }
        },
        "type": "if",
        "locations": [
          {
            "start": {
              "line": 127,
              "column": 6
            },
            "end": {
              "line": 130,
              "column": 7
            }
          },
          {
            "start": {
              "line": 127,
              "column": 6
            },
            "end": {
              "line": 130,
              "column": 7
            }
          }
        ],
        "line": 127
      }
    },
    "s": {
      "0": 0,
      "1": 0,
      "2": 0,
      "3": 0,
      "4": 12,
      "5": 3,
      "6": 3,
      "7": 3,
      "8": 3,
      "9": 3,
      "10": 3,
      "11": 1,
      "12": 1,
      "13": 1,
      "14": 3,
      "15": 3,
      "16": 3,
      "17": 3,
      "18": 3,
      "19": 3,
      "20": 12,
      "21": 3,
      "22": 3,
      "23": 3,
      "24": 3,
      "25": 3,
      "26": 3,
      "27": 3,
      "28": 3,
      "29": 3,
      "30": 3,
      "31": 3,
      "32": 3,
      "33": 3,
      "34": 3,
      "35": 3,
      "36": 3,
      "37": 3,
      "38": 3,
      "39": 3,
      "40": 3,
      "41": 3,
      "42": 12,
      "43": 9,
      "44": 9,
      "45": 9,
      "46": 9,
      "47": 9,
      "48": 9,
      "49": 9,
      "50": 9,
      "51": 9,
      "52": 9,
      "53": 9,
      "54": 9,
      "55": 9,
      "56": 21,
      "57": 3,
      "58": 3,
      "59": 3,
      "60": 3,
      "61": 3,
      "62": 3,
      "63": 1,
      "64": 1,
      "65": 1,
      "66": 1,
      "67": 1,
      "68": 21,
      "69": 3,
      "70": 21,
      "71": 15,
      "72": 3,
      "73": 3,
      "74": 1,
      "75": 3,
      "76": 3,
      "77": 3,
      "78": 3,
      "79": 3,
      "80": 3,
      "81": 3,
      "82": 3,
      "83": 3,
      "84": 15,
      "85": 12,
      "86": 12,
      "87": 21
    },
    "f": {
      "0": 0,
      "1": 12,
      "2": 1,
      "3": 12,
      "4": 21,
      "5": 3,
      "6": 3,
      "7": 3,
      "8": 1,
      "9": 1,
      "10": 1,
      "11": 3,
      "12": 15,
      "13": 1
    },
    "b": {
      "0": [
        0,
        0
      ],
      "1": [
        3,
        9
      ],
      "2": [
        3,
        9
      ],
      "3": [
        9,
        3
      ],
      "4": [
        3,
        3
      ],
      "5": [
        3,
        12
      ],
      "6": [
        12,
        3
      ]
    },
    "inputSourceMap": {
      "version": 3,
      "mappings": ";;;;;;;;;;;;IAcQA,EAAA,CAAAC,cAAA,WAAkC;IAAAD,EAAA,CAAAE,MAAA,oBAAa;IAAAF,EAAA,CAAAG,YAAA,EAAI;;;;;;IACnDH,EAAA,CAAAC,cAAA,aAAqF;IAChFD,EAAA,CAAAE,MAAA,yBAAkB;IAAAF,EAAA,CAAAG,YAAA,EAAI;IACzBH,EAAA,CAAAC,cAAA,iBAA0D;IAAnBD,EAAA,CAAAI,UAAA,mBAAAC,0DAAA;MAAAL,EAAA,CAAAM,aAAA,CAAAC,GAAA;MAAA,MAAAC,MAAA,GAAAR,EAAA,CAAAS,aAAA;MAAA,OAAST,EAAA,CAAAU,WAAA,CAAAF,MAAA,CAAAG,MAAA,EAAQ;IAAA,EAAC;IACvDX,EAAA,CAAAC,cAAA,eAAU;IAAAD,EAAA,CAAAE,MAAA,aAAM;IAAAF,EAAA,CAAAG,YAAA,EAAW;IAC3BH,EAAA,CAAAC,cAAA,eAAkB;IAAAD,EAAA,CAAAE,MAAA,aAAM;IAAAF,EAAA,CAAAG,YAAA,EAAO;;;;;IARrCH,EAAA,CAAAC,cAAA,aAAiE;IAC5DD,EAAA,CAAAE,MAAA,GAA0D;;IAAAF,EAAA,CAAAG,YAAA,EAAI;IACjEH,EAAA,CAAAC,cAAA,QAAG;IAAAD,EAAA,CAAAE,MAAA,GAAuB;IAAAF,EAAA,CAAAG,YAAA,EAAI;IAC9BH,EAAA,CAAAY,UAAA,IAAAC,+BAAA,eAAmD;IACnDb,EAAA,CAAAY,UAAA,IAAAE,iCAAA,iBAMM;IACNd,EAAA,CAAAC,cAAA,aAA0D;IAElDD,EAAA,CAAAE,MAAA,mBAAW;IAAAF,EAAA,CAAAG,YAAA,EAAI;IAACH,EAAA,CAAAE,MAAA,IAAsC;;IAAAF,EAAA,CAAAG,YAAA,EAAI;IAChEH,EAAA,CAAAC,cAAA,SAAG;IAAGD,EAAA,CAAAE,MAAA,qBAAa;IAAAF,EAAA,CAAAG,YAAA,EAAI;IAACH,EAAA,CAAAE,MAAA,IAAqC;;IAAAF,EAAA,CAAAG,YAAA,EAAI;;;;IAbhEH,EAAA,CAAAe,SAAA,GAA0D;IAA1Df,EAAA,CAAAgB,kBAAA,WAAAC,MAAA,CAAAC,IAAA,CAAAC,SAAA,OAAAnB,EAAA,CAAAoB,WAAA,OAAAH,MAAA,CAAAC,IAAA,CAAAG,QAAA,MAA0D;IAC1DrB,EAAA,CAAAe,SAAA,GAAuB;IAAvBf,EAAA,CAAAsB,kBAAA,YAAAL,MAAA,CAAAC,IAAA,CAAAK,KAAA,KAAuB;IACtBvB,EAAA,CAAAe,SAAA,GAAgB;IAAhBf,EAAA,CAAAwB,UAAA,SAAAP,MAAA,CAAAC,IAAA,CAAAO,KAAA,CAAgB;IACdzB,EAAA,CAAAe,SAAA,GAAiB;IAAjBf,EAAA,CAAAwB,UAAA,UAAAP,MAAA,CAAAC,IAAA,CAAAO,KAAA,CAAiB;IASCzB,EAAA,CAAAe,SAAA,GAAsC;IAAtCf,EAAA,CAAAsB,kBAAA,MAAAtB,EAAA,CAAA0B,WAAA,QAAAT,MAAA,CAAAC,IAAA,CAAAS,SAAA,kBAAsC;IACpC3B,EAAA,CAAAe,SAAA,GAAqC;IAArCf,EAAA,CAAAsB,kBAAA,MAAAtB,EAAA,CAAA0B,WAAA,SAAAT,MAAA,CAAAC,IAAA,CAAAU,SAAA,kBAAqC;;;ACbvE,WAAaC,WAAW;EAAlB,MAAOA,WAAW;IAItBC,YAAoBC,MAAc,EACdC,cAA8B,EAC9BC,WAAwB,EACxBC,WAAwB;MAHxB,KAAAH,MAAM,GAANA,MAAM;MACN,KAAAC,cAAc,GAAdA,cAAc;MACd,KAAAC,WAAW,GAAXA,WAAW;MACX,KAAAC,WAAW,GAAXA,WAAW;IAC/B;IAEOC,QAAQA,CAAA;MACb,IAAI,CAACD,WAAW,CACbE,OAAO,CAAC,IAAI,CAACJ,cAAc,CAACK,kBAAmB,CAACC,EAAE,CAACC,QAAQ,EAAE,CAAC,CAC9DC,SAAS,CAAEtB,IAAU,IAAK,IAAI,CAACA,IAAI,GAAGA,IAAI,CAAC;IAChD;IAEOuB,IAAIA,CAAA;MACTC,MAAM,CAACC,OAAO,CAACF,IAAI,EAAE;IACvB;IAEO9B,MAAMA,CAAA;MACX,IAAI,CAACuB,WAAW,CACbvB,MAAM,CAAC,IAAI,CAACqB,cAAc,CAACK,kBAAmB,CAACC,EAAE,CAACC,QAAQ,EAAE,CAAC,CAC7DC,SAAS,CAAEI,CAAC,IAAI;QACf,IAAI,CAACX,WAAW,CAACY,IAAI,CAAC,iCAAiC,EAAE,OAAO,EAAE;UAAEC,QAAQ,EAAE;QAAI,CAAE,CAAC;QACrF,IAAI,CAACd,cAAc,CAACe,MAAM,EAAE;QAC5B,IAAI,CAAChB,MAAM,CAACiB,QAAQ,CAAC,CAAC,GAAG,CAAC,CAAC;MAC7B,CAAC,CAAC;IACN;;;qBA5BWnB,WAAW,EAAA7B,EAAA,CAAAiD,iBAAA,CAAAC,EAAA,CAAAC,MAAA,GAAAnD,EAAA,CAAAiD,iBAAA,CAAAG,EAAA,CAAAC,cAAA,GAAArD,EAAA,CAAAiD,iBAAA,CAAAK,EAAA,CAAAC,WAAA,GAAAvD,EAAA,CAAAiD,iBAAA,CAAAO,EAAA,CAAAC,WAAA;EAAA;;UAAX5B,WAAW;IAAA6B,SAAA;IAAAC,KAAA;IAAAC,IAAA;IAAAC,MAAA;IAAAC,QAAA,WAAAC,qBAAAC,EAAA,EAAAC,GAAA;MAAA,IAAAD,EAAA;QDZxBhE,EAAA,CAAAC,cAAA,aAAgB;QAIgBD,EAAA,CAAAI,UAAA,mBAAA8D,6CAAA;UAAA,OAASD,GAAA,CAAAxB,IAAA,EAAM;QAAA,EAAC;QACtCzC,EAAA,CAAAC,cAAA,eAAU;QAAAD,EAAA,CAAAE,MAAA,iBAAU;QAAAF,EAAA,CAAAG,YAAA,EAAW;QAEjCH,EAAA,CAAAC,cAAA,SAAI;QAAAD,EAAA,CAAAE,MAAA,uBAAgB;QAAAF,EAAA,CAAAG,YAAA,EAAK;QAG7BH,EAAA,CAAAC,cAAA,uBAAkB;QAChBD,EAAA,CAAAY,UAAA,KAAAuD,2BAAA,mBAgBM;QACRnE,EAAA,CAAAG,YAAA,EAAmB;;;QAjBXH,EAAA,CAAAe,SAAA,IAAU;QAAVf,EAAA,CAAAwB,UAAA,SAAAyC,GAAA,CAAA/C,IAAA,CAAU;;;;;SCCTW,WAAW;AAAA",
      "names": [
        "i0",
        "ɵɵelementStart",
        "ɵɵtext",
        "ɵɵelementEnd",
        "ɵɵlistener",
        "MeComponent_div_10_div_7_Template_button_click_3_listener",
        "ɵɵrestoreView",
        "_r4",
        "ctx_r3",
        "ɵɵnextContext",
        "ɵɵresetView",
        "delete",
        "ɵɵtemplate",
        "MeComponent_div_10_p_6_Template",
        "MeComponent_div_10_div_7_Template",
        "ɵɵadvance",
        "ɵɵtextInterpolate2",
        "ctx_r0",
        "user",
        "firstName",
        "ɵɵpipeBind1",
        "lastName",
        "ɵɵtextInterpolate1",
        "email",
        "ɵɵproperty",
        "admin",
        "ɵɵpipeBind2",
        "createdAt",
        "updatedAt",
        "MeComponent",
        "constructor",
        "router",
        "sessionService",
        "matSnackBar",
        "userService",
        "ngOnInit",
        "getById",
        "sessionInformation",
        "id",
        "toString",
        "subscribe",
        "back",
        "window",
        "history",
        "_",
        "open",
        "duration",
        "logOut",
        "navigate",
        "ɵɵdirectiveInject",
        "i1",
        "Router",
        "i2",
        "SessionService",
        "i3",
        "MatSnackBar",
        "i4",
        "UserService",
        "selectors",
        "decls",
        "vars",
        "consts",
        "template",
        "MeComponent_Template",
        "rf",
        "ctx",
        "MeComponent_Template_button_click_4_listener",
        "MeComponent_div_10_Template"
      ],
      "sourceRoot": "",
      "sources": [
        "C:\\workspace\\OCR\\P5\\Tests-app-fullstack\\front\\src\\app\\components\\me\\me.component.html",
        "C:\\workspace\\OCR\\P5\\Tests-app-fullstack\\front\\src\\app\\components\\me\\me.component.ts"
      ],
      "sourcesContent": [
        "<div class=\"m3\">\n  <mat-card>\n    <mat-card-title>\n      <div fxLayout=\"row\" fxLayoutAlign=\"start center\">\n        <button mat-icon-button (click)=\"back()\">\n          <mat-icon>arrow_back</mat-icon>\n        </button>\n        <h1>User information</h1>\n      </div>\n    </mat-card-title>\n    <mat-card-content>\n      <div *ngIf=\"user\" fxLayout=\"column\" fxLayoutAlign=\"start center\">\n        <p>Name: {{ user.firstName }} {{ user.lastName | uppercase }}</p>\n        <p>Email: {{ user.email }}</p>\n        <p *ngIf=\"user.admin\" class=\"my2\">You are admin</p>\n        <div *ngIf=\"!user.admin\" fxLayout=\"column\" class=\"my2\" fxLayoutAlign=\"center center\">\n          <p>Delete my account:</p>\n          <button mat-raised-button color=\"warn\" (click)=\"delete()\">\n            <mat-icon>delete</mat-icon>\n            <span class=\"ml1\">Delete</span>\n          </button>\n        </div>\n        <div fxLayoutAlign=\"space-between center\" class=\"p2 w100\">\n\n          <p><i>Create at: </i> {{ user.createdAt | date: 'longDate'}}</p>\n          <p><i>Last update: </i> {{ user.updatedAt| date: 'longDate'}}</p>\n        </div>\n      </div>\n    </mat-card-content>\n  </mat-card>\n</div>\n",
        "import { Component, OnInit } from '@angular/core';\nimport { MatSnackBar } from '@angular/material/snack-bar';\nimport { Router } from '@angular/router';\nimport { User } from '../../interfaces/user.interface';\nimport { SessionService } from '../../services/session.service';\nimport { UserService } from '../../services/user.service';\n\n@Component({\n  selector: 'app-me',\n  templateUrl: './me.component.html',\n  styleUrls: ['./me.component.scss']\n})\nexport class MeComponent implements OnInit {\n\n  public user: User | undefined;\n\n  constructor(private router: Router,\n              private sessionService: SessionService,\n              private matSnackBar: MatSnackBar,\n              private userService: UserService) {\n  }\n\n  public ngOnInit(): void {\n    this.userService\n      .getById(this.sessionService.sessionInformation!.id.toString())\n      .subscribe((user: User) => this.user = user);\n  }\n\n  public back(): void {\n    window.history.back();\n  }\n\n  public delete(): void {\n    this.userService\n      .delete(this.sessionService.sessionInformation!.id.toString())\n      .subscribe((_) => {\n        this.matSnackBar.open(\"Your account has been deleted !\", 'Close', { duration: 3000 });\n        this.sessionService.logOut();\n        this.router.navigate(['/']);\n      })\n  }\n\n}\n"
      ]
    },
    "_coverageSchema": "1a1c01bbd47fc00a2c39e90264f33305004495a9",
    "hash": "89e88942c3a506e8baf92bf947ff02b89d224ef2"
  },
  "C:\\workspace\\OCR\\P5\\Tests-app-fullstack\\front\\src\\app\\components\\not-found\\not-found.component.ts": {
    "path": "C:\\workspace\\OCR\\P5\\Tests-app-fullstack\\front\\src\\app\\components\\not-found\\not-found.component.ts",
    "statementMap": {
      "0": {
        "start": {
          "line": 2,
          "column": 44
        },
        "end": {
          "line": 23,
          "column": 4
        }
      },
      "1": {
        "start": {
          "line": 4,
          "column": 2
        },
        "end": {
          "line": 6,
          "column": 4
        }
      },
      "2": {
        "start": {
          "line": 5,
          "column": 4
        },
        "end": {
          "line": 5,
          "column": 42
        }
      },
      "3": {
        "start": {
          "line": 7,
          "column": 2
        },
        "end": {
          "line": 21,
          "column": 5
        }
      },
      "4": {
        "start": {
          "line": 14,
          "column": 6
        },
        "end": {
          "line": 18,
          "column": 7
        }
      },
      "5": {
        "start": {
          "line": 15,
          "column": 8
        },
        "end": {
          "line": 15,
          "column": 48
        }
      },
      "6": {
        "start": {
          "line": 16,
          "column": 8
        },
        "end": {
          "line": 16,
          "column": 41
        }
      },
      "7": {
        "start": {
          "line": 17,
          "column": 8
        },
        "end": {
          "line": 17,
          "column": 28
        }
      },
      "8": {
        "start": {
          "line": 22,
          "column": 2
        },
        "end": {
          "line": 22,
          "column": 27
        }
      }
    },
    "fnMap": {
      "0": {
        "name": "(anonymous_0)",
        "decl": {
          "start": {
            "line": 2,
            "column": 45
          },
          "end": {
            "line": 2,
            "column": 46
          }
        },
        "loc": {
          "start": {
            "line": 2,
            "column": 51
          },
          "end": {
            "line": 23,
            "column": 1
          }
        },
        "line": 2
      },
      "1": {
        "name": "NotFoundComponent_Factory",
        "decl": {
          "start": {
            "line": 4,
            "column": 36
          },
          "end": {
            "line": 4,
            "column": 61
          }
        },
        "loc": {
          "start": {
            "line": 4,
            "column": 65
          },
          "end": {
            "line": 6,
            "column": 3
          }
        },
        "line": 4
      },
      "2": {
        "name": "NotFoundComponent_Template",
        "decl": {
          "start": {
            "line": 13,
            "column": 23
          },
          "end": {
            "line": 13,
            "column": 49
          }
        },
        "loc": {
          "start": {
            "line": 13,
            "column": 59
          },
          "end": {
            "line": 19,
            "column": 5
          }
        },
        "line": 13
      }
    },
    "branchMap": {
      "0": {
        "loc": {
          "start": {
            "line": 5,
            "column": 16
          },
          "end": {
            "line": 5,
            "column": 38
          }
        },
        "type": "binary-expr",
        "locations": [
          {
            "start": {
              "line": 5,
              "column": 16
            },
            "end": {
              "line": 5,
              "column": 17
            }
          },
          {
            "start": {
              "line": 5,
              "column": 21
            },
            "end": {
              "line": 5,
              "column": 38
            }
          }
        ],
        "line": 5
      },
      "1": {
        "loc": {
          "start": {
            "line": 14,
            "column": 6
          },
          "end": {
            "line": 18,
            "column": 7
          }
        },
        "type": "if",
        "locations": [
          {
            "start": {
              "line": 14,
              "column": 6
            },
            "end": {
              "line": 18,
              "column": 7
            }
          },
          {
            "start": {
              "line": 14,
              "column": 6
            },
            "end": {
              "line": 18,
              "column": 7
            }
          }
        ],
        "line": 14
      }
    },
    "s": {
      "0": 21,
      "1": 21,
      "2": 1,
      "3": 21,
      "4": 3,
      "5": 1,
      "6": 1,
      "7": 1,
      "8": 21
    },
    "f": {
      "0": 21,
      "1": 1,
      "2": 3
    },
    "b": {
      "0": [
        1,
        1
      ],
      "1": [
        1,
        2
      ]
    },
    "inputSourceMap": {
      "version": 3,
      "mappings": ";AAOA,WAAaA,iBAAiB;EAAxB,MAAOA,iBAAiB;;qBAAjBA,iBAAiB;EAAA;;UAAjBA,iBAAiB;IAAAC,SAAA;IAAAC,KAAA;IAAAC,IAAA;IAAAC,MAAA;IAAAC,QAAA,WAAAC,2BAAAC,EAAA,EAAAC,GAAA;MAAA,IAAAD,EAAA;QCP9BE,EAAA,CAAAC,cAAA,aAAqC;QACzBD,EAAA,CAAAE,MAAA,uBAAgB;QAAAF,EAAA,CAAAG,YAAA,EAAK;;;;;SDMpBZ,iBAAiB;AAAA",
      "names": [
        "NotFoundComponent",
        "selectors",
        "decls",
        "vars",
        "consts",
        "template",
        "NotFoundComponent_Template",
        "rf",
        "ctx",
        "i0",
        "ɵɵelementStart",
        "ɵɵtext",
        "ɵɵelementEnd"
      ],
      "sourceRoot": "",
      "sources": [
        "C:\\workspace\\OCR\\P5\\Tests-app-fullstack\\front\\src\\app\\components\\not-found\\not-found.component.ts",
        "C:\\workspace\\OCR\\P5\\Tests-app-fullstack\\front\\src\\app\\components\\not-found\\not-found.component.html"
      ],
      "sourcesContent": [
        "import { Component } from '@angular/core';\n\n@Component({\n  selector: 'app-not-found',\n  templateUrl: './not-found.component.html',\n  styleUrls: ['./not-found.component.scss']\n})\nexport class NotFoundComponent {\n}\n",
        "<div class=\"flex justify-center mt3\">\n        <h1>Page not found !</h1>\n</div>"
      ]
    },
    "_coverageSchema": "1a1c01bbd47fc00a2c39e90264f33305004495a9",
    "hash": "41ee5c27984646fcddbb172baa37d7ee068afaa0"
  },
  "C:\\workspace\\OCR\\P5\\Tests-app-fullstack\\front\\src\\app\\guards\\auth.guard.ts": {
    "path": "C:\\workspace\\OCR\\P5\\Tests-app-fullstack\\front\\src\\app\\guards\\auth.guard.ts",
    "statementMap": {
      "0": {
        "start": {
          "line": 5,
          "column": 36
        },
        "end": {
          "line": 28,
          "column": 4
        }
      },
      "1": {
        "start": {
          "line": 8,
          "column": 6
        },
        "end": {
          "line": 8,
          "column": 27
        }
      },
      "2": {
        "start": {
          "line": 9,
          "column": 6
        },
        "end": {
          "line": 9,
          "column": 43
        }
      },
      "3": {
        "start": {
          "line": 12,
          "column": 6
        },
        "end": {
          "line": 15,
          "column": 7
        }
      },
      "4": {
        "start": {
          "line": 13,
          "column": 8
        },
        "end": {
          "line": 13,
          "column": 40
        }
      },
      "5": {
        "start": {
          "line": 14,
          "column": 8
        },
        "end": {
          "line": 14,
          "column": 21
        }
      },
      "6": {
        "start": {
          "line": 16,
          "column": 6
        },
        "end": {
          "line": 16,
          "column": 18
        }
      },
      "7": {
        "start": {
          "line": 19,
          "column": 2
        },
        "end": {
          "line": 21,
          "column": 4
        }
      },
      "8": {
        "start": {
          "line": 20,
          "column": 4
        },
        "end": {
          "line": 20,
          "column": 88
        }
      },
      "9": {
        "start": {
          "line": 22,
          "column": 2
        },
        "end": {
          "line": 26,
          "column": 5
        }
      },
      "10": {
        "start": {
          "line": 27,
          "column": 2
        },
        "end": {
          "line": 27,
          "column": 19
        }
      }
    },
    "fnMap": {
      "0": {
        "name": "(anonymous_0)",
        "decl": {
          "start": {
            "line": 5,
            "column": 37
          },
          "end": {
            "line": 5,
            "column": 38
          }
        },
        "loc": {
          "start": {
            "line": 5,
            "column": 43
          },
          "end": {
            "line": 28,
            "column": 1
          }
        },
        "line": 5
      },
      "1": {
        "name": "(anonymous_1)",
        "decl": {
          "start": {
            "line": 7,
            "column": 4
          },
          "end": {
            "line": 7,
            "column": 5
          }
        },
        "loc": {
          "start": {
            "line": 7,
            "column": 40
          },
          "end": {
            "line": 10,
            "column": 5
          }
        },
        "line": 7
      },
      "2": {
        "name": "(anonymous_2)",
        "decl": {
          "start": {
            "line": 11,
            "column": 4
          },
          "end": {
            "line": 11,
            "column": 5
          }
        },
        "loc": {
          "start": {
            "line": 11,
            "column": 18
          },
          "end": {
            "line": 17,
            "column": 5
          }
        },
        "line": 11
      },
      "3": {
        "name": "AuthGuard_Factory",
        "decl": {
          "start": {
            "line": 19,
            "column": 28
          },
          "end": {
            "line": 19,
            "column": 45
          }
        },
        "loc": {
          "start": {
            "line": 19,
            "column": 49
          },
          "end": {
            "line": 21,
            "column": 3
          }
        },
        "line": 19
      }
    },
    "branchMap": {
      "0": {
        "loc": {
          "start": {
            "line": 12,
            "column": 6
          },
          "end": {
            "line": 15,
            "column": 7
          }
        },
        "type": "if",
        "locations": [
          {
            "start": {
              "line": 12,
              "column": 6
            },
            "end": {
              "line": 15,
              "column": 7
            }
          },
          {
            "start": {
              "line": 12,
              "column": 6
            },
            "end": {
              "line": 15,
              "column": 7
            }
          }
        ],
        "line": 12
      },
      "1": {
        "loc": {
          "start": {
            "line": 20,
            "column": 16
          },
          "end": {
            "line": 20,
            "column": 30
          }
        },
        "type": "binary-expr",
        "locations": [
          {
            "start": {
              "line": 20,
              "column": 16
            },
            "end": {
              "line": 20,
              "column": 17
            }
          },
          {
            "start": {
              "line": 20,
              "column": 21
            },
            "end": {
              "line": 20,
              "column": 30
            }
          }
        ],
        "line": 20
      }
    },
    "s": {
      "0": 21,
      "1": 15,
      "2": 15,
      "3": 19,
      "4": 0,
      "5": 0,
      "6": 19,
      "7": 21,
      "8": 15,
      "9": 21,
      "10": 21
    },
    "f": {
      "0": 21,
      "1": 15,
      "2": 19,
      "3": 15
    },
    "b": {
      "0": [
        0,
        19
      ],
      "1": [
        15,
        15
      ]
    },
    "inputSourceMap": {
      "version": 3,
      "mappings": "AACA,SAAqBA,MAAM,QAAO,iBAAiB;;;;AAInD,WAAaC,SAAS;EAAhB,MAAOA,SAAS;IAEpBC,YACUC,MAAc,EACdC,cAA8B;MAD9B,KAAAD,MAAM,GAANA,MAAM;MACN,KAAAC,cAAc,GAAdA,cAAc;IAExB;IAEOC,WAAWA,CAAA;MAChB,IAAI,CAAC,IAAI,CAACD,cAAc,CAACE,QAAQ,EAAE;QACjC,IAAI,CAACH,MAAM,CAACI,QAAQ,CAAC,CAAC,OAAO,CAAC,CAAC;QAC/B,OAAO,KAAK;;MAEd,OAAO,IAAI;IACb;;;qBAdWN,SAAS,EAAAO,EAAA,CAAAC,QAAA,CAAAC,EAAA,CAAAV,MAAA,GAAAQ,EAAA,CAAAC,QAAA,CAAAE,EAAA,CAAAC,cAAA;EAAA;;WAATX,SAAS;IAAAY,OAAA,EAATZ,SAAS,CAAAa,IAAA;IAAAC,UAAA,EADG;EAAM;EAAA,OAClBd,SAAS;AAAA",
      "names": [
        "Router",
        "AuthGuard",
        "constructor",
        "router",
        "sessionService",
        "canActivate",
        "isLogged",
        "navigate",
        "i0",
        "ɵɵinject",
        "i1",
        "i2",
        "SessionService",
        "factory",
        "ɵfac",
        "providedIn"
      ],
      "sourceRoot": "",
      "sources": [
        "C:\\workspace\\OCR\\P5\\Tests-app-fullstack\\front\\src\\app\\guards\\auth.guard.ts"
      ],
      "sourcesContent": [
        "import {Injectable} from \"@angular/core\";\nimport {CanActivate, Router} from \"@angular/router\"; \nimport { SessionService } from \"../services/session.service\";\n\n@Injectable({providedIn: 'root'})\nexport class AuthGuard implements CanActivate {\n\n  constructor( \n    private router: Router,\n    private sessionService: SessionService,\n  ) {\n  }\n\n  public canActivate(): boolean {\n    if (!this.sessionService.isLogged) {\n      this.router.navigate(['login']);\n      return false;\n    }\n    return true;\n  }\n}"
      ]
    },
    "_coverageSchema": "1a1c01bbd47fc00a2c39e90264f33305004495a9",
    "hash": "63d63f873db71b075e70dc29f65cf99cd288fe69"
  },
  "C:\\workspace\\OCR\\P5\\Tests-app-fullstack\\front\\src\\app\\guards\\unauth.guard.ts": {
    "path": "C:\\workspace\\OCR\\P5\\Tests-app-fullstack\\front\\src\\app\\guards\\unauth.guard.ts",
    "statementMap": {
      "0": {
        "start": {
          "line": 5,
          "column": 38
        },
        "end": {
          "line": 28,
          "column": 4
        }
      },
      "1": {
        "start": {
          "line": 8,
          "column": 6
        },
        "end": {
          "line": 8,
          "column": 27
        }
      },
      "2": {
        "start": {
          "line": 9,
          "column": 6
        },
        "end": {
          "line": 9,
          "column": 43
        }
      },
      "3": {
        "start": {
          "line": 12,
          "column": 6
        },
        "end": {
          "line": 15,
          "column": 7
        }
      },
      "4": {
        "start": {
          "line": 13,
          "column": 8
        },
        "end": {
          "line": 13,
          "column": 42
        }
      },
      "5": {
        "start": {
          "line": 14,
          "column": 8
        },
        "end": {
          "line": 14,
          "column": 21
        }
      },
      "6": {
        "start": {
          "line": 16,
          "column": 6
        },
        "end": {
          "line": 16,
          "column": 18
        }
      },
      "7": {
        "start": {
          "line": 19,
          "column": 2
        },
        "end": {
          "line": 21,
          "column": 4
        }
      },
      "8": {
        "start": {
          "line": 20,
          "column": 4
        },
        "end": {
          "line": 20,
          "column": 90
        }
      },
      "9": {
        "start": {
          "line": 22,
          "column": 2
        },
        "end": {
          "line": 26,
          "column": 5
        }
      },
      "10": {
        "start": {
          "line": 27,
          "column": 2
        },
        "end": {
          "line": 27,
          "column": 21
        }
      }
    },
    "fnMap": {
      "0": {
        "name": "(anonymous_0)",
        "decl": {
          "start": {
            "line": 5,
            "column": 39
          },
          "end": {
            "line": 5,
            "column": 40
          }
        },
        "loc": {
          "start": {
            "line": 5,
            "column": 45
          },
          "end": {
            "line": 28,
            "column": 1
          }
        },
        "line": 5
      },
      "1": {
        "name": "(anonymous_1)",
        "decl": {
          "start": {
            "line": 7,
            "column": 4
          },
          "end": {
            "line": 7,
            "column": 5
          }
        },
        "loc": {
          "start": {
            "line": 7,
            "column": 40
          },
          "end": {
            "line": 10,
            "column": 5
          }
        },
        "line": 7
      },
      "2": {
        "name": "(anonymous_2)",
        "decl": {
          "start": {
            "line": 11,
            "column": 4
          },
          "end": {
            "line": 11,
            "column": 5
          }
        },
        "loc": {
          "start": {
            "line": 11,
            "column": 18
          },
          "end": {
            "line": 17,
            "column": 5
          }
        },
        "line": 11
      },
      "3": {
        "name": "UnauthGuard_Factory",
        "decl": {
          "start": {
            "line": 19,
            "column": 30
          },
          "end": {
            "line": 19,
            "column": 49
          }
        },
        "loc": {
          "start": {
            "line": 19,
            "column": 53
          },
          "end": {
            "line": 21,
            "column": 3
          }
        },
        "line": 19
      }
    },
    "branchMap": {
      "0": {
        "loc": {
          "start": {
            "line": 12,
            "column": 6
          },
          "end": {
            "line": 15,
            "column": 7
          }
        },
        "type": "if",
        "locations": [
          {
            "start": {
              "line": 12,
              "column": 6
            },
            "end": {
              "line": 15,
              "column": 7
            }
          },
          {
            "start": {
              "line": 12,
              "column": 6
            },
            "end": {
              "line": 15,
              "column": 7
            }
          }
        ],
        "line": 12
      },
      "1": {
        "loc": {
          "start": {
            "line": 20,
            "column": 16
          },
          "end": {
            "line": 20,
            "column": 32
          }
        },
        "type": "binary-expr",
        "locations": [
          {
            "start": {
              "line": 20,
              "column": 16
            },
            "end": {
              "line": 20,
              "column": 17
            }
          },
          {
            "start": {
              "line": 20,
              "column": 21
            },
            "end": {
              "line": 20,
              "column": 32
            }
          }
        ],
        "line": 20
      }
    },
    "s": {
      "0": 21,
      "1": 20,
      "2": 20,
      "3": 22,
      "4": 0,
      "5": 0,
      "6": 22,
      "7": 21,
      "8": 20,
      "9": 21,
      "10": 21
    },
    "f": {
      "0": 21,
      "1": 20,
      "2": 22,
      "3": 20
    },
    "b": {
      "0": [
        0,
        22
      ],
      "1": [
        20,
        20
      ]
    },
    "inputSourceMap": {
      "version": 3,
      "mappings": "AACA,SAAqBA,MAAM,QAAO,iBAAiB;;;;AAInD,WAAaC,WAAW;EAAlB,MAAOA,WAAW;IAEtBC,YACUC,MAAc,EACdC,cAA8B;MAD9B,KAAAD,MAAM,GAANA,MAAM;MACN,KAAAC,cAAc,GAAdA,cAAc;IAExB;IAEOC,WAAWA,CAAA;MAChB,IAAI,IAAI,CAACD,cAAc,CAACE,QAAQ,EAAE;QAChC,IAAI,CAACH,MAAM,CAACI,QAAQ,CAAC,CAAC,SAAS,CAAC,CAAC;QACjC,OAAO,KAAK;;MAEd,OAAO,IAAI;IACb;;;qBAdWN,WAAW,EAAAO,EAAA,CAAAC,QAAA,CAAAC,EAAA,CAAAV,MAAA,GAAAQ,EAAA,CAAAC,QAAA,CAAAE,EAAA,CAAAC,cAAA;EAAA;;WAAXX,WAAW;IAAAY,OAAA,EAAXZ,WAAW,CAAAa,IAAA;IAAAC,UAAA,EADC;EAAM;EAAA,OAClBd,WAAW;AAAA",
      "names": [
        "Router",
        "UnauthGuard",
        "constructor",
        "router",
        "sessionService",
        "canActivate",
        "isLogged",
        "navigate",
        "i0",
        "ɵɵinject",
        "i1",
        "i2",
        "SessionService",
        "factory",
        "ɵfac",
        "providedIn"
      ],
      "sourceRoot": "",
      "sources": [
        "C:\\workspace\\OCR\\P5\\Tests-app-fullstack\\front\\src\\app\\guards\\unauth.guard.ts"
      ],
      "sourcesContent": [
        "import {Injectable} from \"@angular/core\";\nimport {CanActivate, Router} from \"@angular/router\"; \nimport { SessionService } from \"../services/session.service\";\n\n@Injectable({providedIn: 'root'})\nexport class UnauthGuard implements CanActivate {\n\n  constructor( \n    private router: Router,\n    private sessionService: SessionService,\n  ) {\n  }\n\n  public canActivate(): boolean {\n    if (this.sessionService.isLogged) {\n      this.router.navigate(['rentals']);\n      return false;\n    }\n    return true;\n  }\n}"
      ]
    },
    "_coverageSchema": "1a1c01bbd47fc00a2c39e90264f33305004495a9",
    "hash": "ecba49db50cfaa32f8a8a0f97b5230cf2fe62ffa"
  },
  "C:\\workspace\\OCR\\P5\\Tests-app-fullstack\\front\\src\\app\\app-routing.module.ts": {
    "path": "C:\\workspace\\OCR\\P5\\Tests-app-fullstack\\front\\src\\app\\app-routing.module.ts",
    "statementMap": {
      "0": {
        "start": {
          "line": 8,
          "column": 15
        },
        "end": {
          "line": 26,
          "column": 2
        }
      },
      "1": {
        "start": {
          "line": 11,
          "column": 22
        },
        "end": {
          "line": 11,
          "column": 83
        }
      },
      "2": {
        "start": {
          "line": 11,
          "column": 70
        },
        "end": {
          "line": 11,
          "column": 82
        }
      },
      "3": {
        "start": {
          "line": 15,
          "column": 22
        },
        "end": {
          "line": 15,
          "column": 95
        }
      },
      "4": {
        "start": {
          "line": 15,
          "column": 78
        },
        "end": {
          "line": 15,
          "column": 94
        }
      },
      "5": {
        "start": {
          "line": 27,
          "column": 43
        },
        "end": {
          "line": 39,
          "column": 4
        }
      },
      "6": {
        "start": {
          "line": 29,
          "column": 2
        },
        "end": {
          "line": 31,
          "column": 4
        }
      },
      "7": {
        "start": {
          "line": 30,
          "column": 4
        },
        "end": {
          "line": 30,
          "column": 41
        }
      },
      "8": {
        "start": {
          "line": 32,
          "column": 2
        },
        "end": {
          "line": 34,
          "column": 5
        }
      },
      "9": {
        "start": {
          "line": 35,
          "column": 2
        },
        "end": {
          "line": 37,
          "column": 5
        }
      },
      "10": {
        "start": {
          "line": 38,
          "column": 2
        },
        "end": {
          "line": 38,
          "column": 26
        }
      }
    },
    "fnMap": {
      "0": {
        "name": "(anonymous_0)",
        "decl": {
          "start": {
            "line": 11,
            "column": 16
          },
          "end": {
            "line": 11,
            "column": 17
          }
        },
        "loc": {
          "start": {
            "line": 11,
            "column": 22
          },
          "end": {
            "line": 11,
            "column": 83
          }
        },
        "line": 11
      },
      "1": {
        "name": "(anonymous_1)",
        "decl": {
          "start": {
            "line": 11,
            "column": 65
          },
          "end": {
            "line": 11,
            "column": 66
          }
        },
        "loc": {
          "start": {
            "line": 11,
            "column": 70
          },
          "end": {
            "line": 11,
[...]
      "22": 11,
      "23": 11,
      "24": 11,
      "25": 11,
      "26": 11,
      "27": 11,
      "28": 11,
      "29": 11,
      "30": 11,
      "31": 11,
      "32": 11,
      "33": 11,
      "34": 11,
      "35": 11,
      "36": 11,
      "37": 11,
      "38": 11,
      "39": 11,
      "40": 11,
      "41": 11,
      "42": 11,
      "43": 33,
      "44": 22,
      "45": 22,
      "46": 22,
      "47": 22,
      "48": 22,
      "49": 22,
      "50": 22,
      "51": 22,
      "52": 22,
      "53": 22,
      "54": 22,
      "55": 22,
      "56": 15,
      "57": 18,
      "58": 18,
      "59": 18,
      "60": 93,
      "61": 15,
      "62": 18,
      "63": 15,
      "64": 89,
      "65": 18,
      "66": 18,
      "67": 18,
      "68": 18,
      "69": 18,
      "70": 18,
      "71": 18,
      "72": 18,
      "73": 18,
      "74": 89,
      "75": 71,
      "76": 71,
      "77": 71,
      "78": 71,
      "79": 15
    },
    "f": {
      "0": 55,
      "1": 9,
      "2": 27,
      "3": 11,
      "4": 33,
      "5": 15,
      "6": 18,
      "7": 93,
      "8": 18,
      "9": 89
    },
    "b": {
      "0": [
        11,
        44
      ],
      "1": [
        9,
        18
      ],
      "2": [
        18,
        9
      ],
      "3": [
        11,
        22
      ],
      "4": [
        22,
        11
      ],
      "5": [
        18,
        18
      ],
      "6": [
        18,
        71
      ],
      "7": [
        71,
        18
      ]
    },
    "inputSourceMap": {
      "version": 3,
      "mappings": ";;;;;;;;;;;IAIMA,EAAA,CAAAC,cAAA,gBAAwG;IAC5FD,EAAA,CAAAE,MAAA,UAAG;IAAAF,EAAA,CAAAG,YAAA,EAAW;IACxBH,EAAA,CAAAC,cAAA,cAAkB;IAAAD,EAAA,CAAAE,MAAA,aAAM;IAAAF,EAAA,CAAAG,YAAA,EAAO;;;;;;;;IAwB7BH,EAAA,CAAAC,cAAA,iBAC6C;IACjCD,EAAA,CAAAE,MAAA,WAAI;IAAAF,EAAA,CAAAG,YAAA,EAAW;IACzBH,EAAA,CAAAC,cAAA,cAAkB;IAAAD,EAAA,CAAAE,MAAA,WAAI;IAAAF,EAAA,CAAAG,YAAA,EAAO;;;;IAFvBH,EAAA,CAAAI,UAAA,eAAAJ,EAAA,CAAAK,eAAA,IAAAC,GAAA,EAAAC,UAAA,CAAAC,EAAA,EAAoC;;;;;;;;IArBhDR,EAAA,CAAAC,cAAA,kBAA0E;IAEtDD,EAAA,CAAAE,MAAA,GAAkB;IAAAF,EAAA,CAAAG,YAAA,EAAiB;IACnDH,EAAA,CAAAC,cAAA,wBAAmB;IACjBD,EAAA,CAAAE,MAAA,GACF;;IAAAF,EAAA,CAAAG,YAAA,EAAoB;IAEtBH,EAAA,CAAAC,cAAA,aAAkD;IAChDD,EAAA,CAAAS,SAAA,cAAkE;IACpET,EAAA,CAAAG,YAAA,EAAM;IACNH,EAAA,CAAAC,cAAA,uBAAkB;IAEdD,EAAA,CAAAE,MAAA,IACF;IAAAF,EAAA,CAAAG,YAAA,EAAI;IAENH,EAAA,CAAAC,cAAA,wBAAkB;IAEJD,EAAA,CAAAE,MAAA,cAAM;IAAAF,EAAA,CAAAG,YAAA,EAAW;IAC3BH,EAAA,CAAAC,cAAA,eAAkB;IAAAD,EAAA,CAAAE,MAAA,cAAM;IAAAF,EAAA,CAAAG,YAAA,EAAO;IAEjCH,EAAA,CAAAU,UAAA,KAAAC,2CAAA,qBAIS;IACXX,EAAA,CAAAG,YAAA,EAAmB;;;;;IAvBDH,EAAA,CAAAY,SAAA,GAAkB;IAAlBZ,EAAA,CAAAa,iBAAA,CAAAN,UAAA,CAAAO,IAAA,CAAkB;IAEhCd,EAAA,CAAAY,SAAA,GACF;IADEZ,EAAA,CAAAe,kBAAA,iBAAAf,EAAA,CAAAgB,WAAA,OAAAT,UAAA,CAAAU,IAAA,mBACF;IAOEjB,EAAA,CAAAY,SAAA,GACF;IADEZ,EAAA,CAAAe,kBAAA,MAAAR,UAAA,CAAAW,WAAA,MACF;IAGgElB,EAAA,CAAAY,SAAA,GAAoC;IAApCZ,EAAA,CAAAI,UAAA,eAAAJ,EAAA,CAAAK,eAAA,IAAAc,GAAA,EAAAZ,UAAA,CAAAC,EAAA,EAAoC;IAI3FR,EAAA,CAAAY,SAAA,GAAiB;IAAjBZ,EAAA,CAAAI,UAAA,SAAAgB,MAAA,CAAAC,IAAA,CAAAC,KAAA,CAAiB;;;AClBpC,WAAaC,aAAa;EAApB,MAAOA,aAAa;IAIxBC,YACUC,cAA8B,EAC9BC,iBAAoC;MADpC,KAAAD,cAAc,GAAdA,cAAc;MACd,KAAAC,iBAAiB,GAAjBA,iBAAiB;MAJpB,KAAAC,SAAS,GAA0B,IAAI,CAACD,iBAAiB,CAACE,GAAG,EAAE;IAKlE;IAEJ,IAAIP,IAAIA,CAAA;MACN,OAAO,IAAI,CAACI,cAAc,CAACI,kBAAkB;IAC/C;;;qBAXWN,aAAa,EAAAvB,EAAA,CAAA8B,iBAAA,CAAAC,EAAA,CAAAC,cAAA,GAAAhC,EAAA,CAAA8B,iBAAA,CAAAG,EAAA,CAAAC,iBAAA;EAAA;;UAAbX,aAAa;IAAAY,SAAA;IAAAC,KAAA;IAAAC,IAAA;IAAAC,MAAA;IAAAC,QAAA,WAAAC,uBAAAC,EAAA,EAAAC,GAAA;MAAA,IAAAD,EAAA;QDZ1BzC,EAAA,CAAAC,cAAA,aAAkB;QAGeD,EAAA,CAAAE,MAAA,oBAAa;QAAAF,EAAA,CAAAG,YAAA,EAAiB;QACzDH,EAAA,CAAAU,UAAA,IAAAiC,+BAAA,oBAGS;QACX3C,EAAA,CAAAG,YAAA,EAAkB;QAClBH,EAAA,CAAAC,cAAA,aAAmE;QACjED,EAAA,CAAAU,UAAA,IAAAkC,iCAAA,wBA0BW;;QACb5C,EAAA,CAAAG,YAAA,EAAM;;;QAjC2BH,EAAA,CAAAY,SAAA,GAAiB;QAAjBZ,EAAA,CAAAI,UAAA,SAAAsC,GAAA,CAAArB,IAAA,CAAAC,KAAA,CAAiB;QAMLtB,EAAA,CAAAY,SAAA,GAAsB;QAAtBZ,EAAA,CAAAI,UAAA,YAAAJ,EAAA,CAAA6C,WAAA,OAAAH,GAAA,CAAAf,SAAA,EAAsB;;;;;;SCE1DJ,aAAa;AAAA",
      "names": [
        "i0",
        "ɵɵelementStart",
        "ɵɵtext",
        "ɵɵelementEnd",
        "ɵɵproperty",
        "ɵɵpureFunction1",
        "_c0",
        "session_r2",
        "id",
        "ɵɵelement",
        "ɵɵtemplate",
        "ListComponent_mat_card_7_button_18_Template",
        "ɵɵadvance",
        "ɵɵtextInterpolate",
        "name",
        "ɵɵtextInterpolate1",
        "ɵɵpipeBind2",
        "date",
        "description",
        "_c1",
        "ctx_r1",
        "user",
        "admin",
        "ListComponent",
        "constructor",
        "sessionService",
        "sessionApiService",
        "sessions$",
        "all",
        "sessionInformation",
        "ɵɵdirectiveInject",
        "i1",
        "SessionService",
        "i2",
        "SessionApiService",
        "selectors",
        "decls",
        "vars",
        "consts",
        "template",
        "ListComponent_Template",
        "rf",
        "ctx",
        "ListComponent_button_5_Template",
        "ListComponent_mat_card_7_Template",
        "ɵɵpipeBind1"
      ],
      "sourceRoot": "",
      "sources": [
        "C:\\workspace\\OCR\\P5\\Tests-app-fullstack\\front\\src\\app\\features\\sessions\\components\\list\\list.component.html",
        "C:\\workspace\\OCR\\P5\\Tests-app-fullstack\\front\\src\\app\\features\\sessions\\components\\list\\list.component.ts"
      ],
      "sourcesContent": [
        "<div class=\"list\">\n  <mat-card>\n    <mat-card-header fxLayout=\"row\" fxLayoutAlign=\"space-between center\">\n      <mat-card-title class=\"m0\">Yoga sessions</mat-card-title>\n      <button class=\"create-button\" *ngIf=\"user!.admin\" mat-raised-button color=\"primary\" routerLink=\"create\">\n        <mat-icon>add</mat-icon>\n        <span class=\"ml1\">Create</span>\n      </button>\n    </mat-card-header>\n    <div class=\"items mt2\" fxLayout=\"row wrap\" fxLayout.lt-md=\"column\">\n      <mat-card class=\"item\" *ngFor=\"let session of (sessions$ | async)\" fxFlex>\n        <mat-card-header>\n          <mat-card-title>{{ session.name }}</mat-card-title>\n          <mat-card-subtitle>\n            Session on {{ session.date | date: 'longDate'}}\n          </mat-card-subtitle>\n        </mat-card-header>\n        <div mat-card-image fxLayoutAlign=\"center center\">\n          <img class=\"picture\" src=\"assets/sessions.png\" alt=\"Yoga session\">\n        </div>\n        <mat-card-content>\n          <p>\n            {{ session.description }}\n          </p>\n        </mat-card-content>\n        <mat-card-actions>\n          <button mat-raised-button class=\"detail-button\" color=\"primary\" [routerLink]=\"['detail',session.id]\">\n            <mat-icon>search</mat-icon>\n            <span class=\"ml1\">Detail</span>\n          </button>\n          <button *ngIf=\"user!.admin\" mat-raised-button color=\"primary\"\n                  [routerLink]=\"['update',session.id]\">\n            <mat-icon>edit</mat-icon>\n            <span class=\"ml1\">Edit</span>\n          </button>\n        </mat-card-actions>\n      </mat-card>\n    </div>\n  </mat-card>\n</div>\n",
        "import { Component } from '@angular/core';\nimport { Observable } from 'rxjs';\nimport { SessionInformation } from '../../../../interfaces/sessionInformation.interface';\nimport { SessionService } from '../../../../services/session.service';\nimport { Session } from '../../interfaces/session.interface';\nimport { SessionApiService } from '../../services/session-api.service';\n\n@Component({\n  selector: 'app-list',\n  templateUrl: './list.component.html',\n  styleUrls: ['./list.component.scss']\n})\nexport class ListComponent {\n\n  public sessions$: Observable<Session[]> = this.sessionApiService.all();\n\n  constructor(\n    private sessionService: SessionService,\n    private sessionApiService: SessionApiService\n  ) { }\n\n  get user(): SessionInformation | undefined {\n    return this.sessionService.sessionInformation;\n  }\n}\n"
      ]
    },
    "_coverageSchema": "1a1c01bbd47fc00a2c39e90264f33305004495a9",
    "hash": "fef064f9a0c90103d1b48034b8e5ab7eb3865a71"
  },
  "C:\\workspace\\OCR\\P5\\Tests-app-fullstack\\front\\src\\app\\features\\sessions\\sessions-routing.module.ts": {
    "path": "C:\\workspace\\OCR\\P5\\Tests-app-fullstack\\front\\src\\app\\features\\sessions\\sessions-routing.module.ts",
    "statementMap": {
      "0": {
        "start": {
          "line": 7,
          "column": 15
        },
        "end": {
          "line": 23,
          "column": 2
        }
      },
      "1": {
        "start": {
          "line": 24,
          "column": 48
        },
        "end": {
          "line": 36,
          "column": 4
        }
      },
      "2": {
        "start": {
          "line": 26,
          "column": 2
        },
        "end": {
          "line": 28,
          "column": 4
        }
      },
      "3": {
        "start": {
          "line": 27,
          "column": 4
        },
        "end": {
          "line": 27,
          "column": 46
        }
      },
      "4": {
        "start": {
          "line": 29,
          "column": 2
        },
        "end": {
          "line": 31,
          "column": 5
        }
      },
      "5": {
        "start": {
          "line": 32,
          "column": 2
        },
        "end": {
          "line": 34,
          "column": 5
        }
      },
      "6": {
        "start": {
          "line": 35,
          "column": 2
        },
        "end": {
          "line": 35,
          "column": 31
        }
      }
    },
    "fnMap": {
      "0": {
        "name": "(anonymous_0)",
        "decl": {
          "start": {
            "line": 24,
            "column": 49
          },
          "end": {
            "line": 24,
            "column": 50
          }
        },
        "loc": {
          "start": {
            "line": 24,
            "column": 55
          },
          "end": {
            "line": 36,
            "column": 1
          }
        },
        "line": 24
      },
      "1": {
        "name": "SessionsRoutingModule_Factory",
        "decl": {
          "start": {
            "line": 26,
            "column": 40
          },
          "end": {
            "line": 26,
            "column": 69
          }
        },
        "loc": {
          "start": {
            "line": 26,
            "column": 73
          },
          "end": {
            "line": 28,
            "column": 3
          }
        },
        "line": 26
      }
    },
    "branchMap": {
      "0": {
        "loc": {
          "start": {
            "line": 27,
            "column": 16
          },
          "end": {
            "line": 27,
            "column": 42
          }
        },
        "type": "binary-expr",
        "locations": [
          {
            "start": {
              "line": 27,
              "column": 16
            },
            "end": {
              "line": 27,
              "column": 17
            }
          },
          {
            "start": {
              "line": 27,
              "column": 21
            },
            "end": {
              "line": 27,
              "column": 42
            }
          }
        ],
        "line": 27
      }
    },
    "s": {
      "0": 15,
      "1": 15,
      "2": 15,
      "3": 15,
      "4": 15,
      "5": 15,
      "6": 15
    },
    "f": {
      "0": 15,
      "1": 15
    },
    "b": {
      "0": [
        15,
        15
      ]
    },
    "inputSourceMap": {
      "version": 3,
      "mappings": "AACA,SAASA,YAAY,QAAgB,iBAAiB;AACtD,SAASC,eAAe,QAAQ,sCAAsC;AACtE,SAASC,aAAa,QAAQ,kCAAkC;AAChE,SAASC,aAAa,QAAQ,kCAAkC;;;AAEhE,MAAMC,MAAM,GAAW,CACrB;EAAEC,IAAI,EAAE,EAAE;EAAEC,KAAK,EAAE,UAAU;EAAEC,SAAS,EAAEJ;AAAa,CAAE,EACzD;EAAEE,IAAI,EAAE,YAAY;EAAEC,KAAK,EAAE,mBAAmB;EAAEC,SAAS,EAAEN;AAAe,CAAE,EAC9E;EAAEI,IAAI,EAAE,QAAQ;EAAEC,KAAK,EAAE,mBAAmB;EAAEC,SAAS,EAAEL;AAAa,CAAE,EACxE;EAAEG,IAAI,EAAE,YAAY;EAAEC,KAAK,EAAE,mBAAmB;EAAEC,SAAS,EAAEL;AAAa,CAAE,CAC7E;AAMD,WAAaM,qBAAqB;EAA5B,MAAOA,qBAAqB;;qBAArBA,qBAAqB;EAAA;;UAArBA;EAAqB;;cAHtBR,YAAY,CAACS,QAAQ,CAACL,MAAM,CAAC,EAC7BJ,YAAY;EAAA;EAAA,OAEXQ,qBAAqB;AAAA",
      "names": [
        "RouterModule",
        "DetailComponent",
        "FormComponent",
        "ListComponent",
        "routes",
        "path",
        "title",
        "component",
        "SessionsRoutingModule",
        "forChild"
      ],
      "sourceRoot": "",
      "sources": [
        "C:\\workspace\\OCR\\P5\\Tests-app-fullstack\\front\\src\\app\\features\\sessions\\sessions-routing.module.ts"
      ],
      "sourcesContent": [
        "import { NgModule } from '@angular/core';\nimport { RouterModule, Routes } from '@angular/router';\nimport { DetailComponent } from './components/detail/detail.component';\nimport { FormComponent } from './components/form/form.component';\nimport { ListComponent } from './components/list/list.component';\n\nconst routes: Routes = [\n  { path: '', title: 'Sessions', component: ListComponent },\n  { path: 'detail/:id', title: 'Sessions - detail', component: DetailComponent },\n  { path: 'create', title: 'Sessions - create', component: FormComponent },\n  { path: 'update/:id', title: 'Sessions - update', component: FormComponent }\n];\n\n@NgModule({\n  imports: [RouterModule.forChild(routes)],\n  exports: [RouterModule]\n})\nexport class SessionsRoutingModule {\n}\n"
      ]
    },
    "_coverageSchema": "1a1c01bbd47fc00a2c39e90264f33305004495a9",
    "hash": "14c9f54aeb6c44698eaa2281fcd91c8f4f0c8ec0"
  },
  "C:\\workspace\\OCR\\P5\\Tests-app-fullstack\\front\\src\\app\\features\\sessions\\sessions.module.ts": {
    "path": "C:\\workspace\\OCR\\P5\\Tests-app-fullstack\\front\\src\\app\\features\\sessions\\sessions.module.ts",
    "statementMap": {
      "0": {
        "start": {
          "line": 14,
          "column": 0
        },
        "end": {
          "line": 14,
          "column": 29
        }
      },
      "1": {
        "start": {
          "line": 15,
          "column": 24
        },
        "end": {
          "line": 15,
          "column": 143
        }
      },
      "2": {
        "start": {
          "line": 16,
          "column": 41
        },
        "end": {
          "line": 28,
          "column": 4
        }
      },
      "3": {
        "start": {
          "line": 18,
          "column": 2
        },
        "end": {
          "line": 20,
          "column": 4
        }
      },
      "4": {
        "start": {
          "line": 19,
          "column": 4
        },
        "end": {
          "line": 19,
          "column": 39
        }
      },
      "5": {
        "start": {
          "line": 21,
          "column": 2
        },
        "end": {
          "line": 23,
          "column": 5
        }
      },
      "6": {
        "start": {
          "line": 24,
          "column": 2
        },
        "end": {
          "line": 26,
          "column": 5
        }
      },
      "7": {
        "start": {
          "line": 27,
          "column": 2
        },
        "end": {
          "line": 27,
          "column": 24
        }
      }
    },
    "fnMap": {
      "0": {
        "name": "(anonymous_0)",
        "decl": {
          "start": {
            "line": 16,
            "column": 42
          },
          "end": {
            "line": 16,
            "column": 43
          }
        },
        "loc": {
          "start": {
            "line": 16,
            "column": 48
          },
          "end": {
            "line": 28,
            "column": 1
          }
        },
        "line": 16
      },
      "1": {
        "name": "SessionsModule_Factory",
        "decl": {
          "start": {
            "line": 18,
            "column": 33
          },
          "end": {
            "line": 18,
            "column": 55
          }
        },
        "loc": {
          "start": {
            "line": 18,
            "column": 59
          },
          "end": {
            "line": 20,
            "column": 3
          }
        },
        "line": 18
      }
    },
    "branchMap": {
      "0": {
        "loc": {
          "start": {
            "line": 19,
            "column": 16
          },
          "end": {
            "line": 19,
            "column": 35
          }
        },
        "type": "binary-expr",
        "locations": [
          {
            "start": {
              "line": 19,
              "column": 16
            },
            "end": {
              "line": 19,
              "column": 17
            }
          },
          {
            "start": {
              "line": 19,
              "column": 21
            },
            "end": {
              "line": 19,
              "column": 35
            }
          }
        ],
        "line": 19
      }
    },
    "s": {
      "0": 15,
      "1": 15,
      "2": 15,
      "3": 15,
      "4": 15,
      "5": 15,
      "6": 15,
      "7": 15
    },
    "f": {
      "0": 15,
      "1": 15
    },
    "b": {
      "0": [
        15,
        15
      ]
    },
    "inputSourceMap": {
      "version": 3,
      "mappings": "AACA,SAASA,YAAY,EAAEC,kBAAkB,QAAQ,iBAAiB;AAClE,SAASC,gBAAgB,QAAQ,sBAAsB;AACvD,SAASC,mBAAmB,QAAQ,gBAAgB;AACpD,SAASC,eAAe,QAAQ,0BAA0B;AAC1D,SAASC,aAAa,QAAQ,wBAAwB;AACtD,SAASC,kBAAkB,QAAQ,8BAA8B;AACjE,SAASC,aAAa,QAAQ,wBAAwB;AACtD,SAASC,cAAc,QAAQ,yBAAyB;AACxD,SAASC,eAAe,QAAQ,0BAA0B;AAC1D,SAASC,iBAAiB,QAAQ,6BAA6B;AAI/D,SAASC,qBAAqB,QAAQ,2BAA2B;AACjE,OAAOC,QAAQ,MAAM,4BAA4B;;AACjDX,kBAAkB,CAACW,QAAQ,CAAC;AAE5B,MAAMC,eAAe,GAAG,CACtBT,eAAe,EACfC,aAAa,EACbC,kBAAkB,EAClBC,aAAa,EACbC,cAAc,EACdE,iBAAiB,EACjBD,eAAe,CAChB;AAgBD,WAAaK,cAAc;EAArB,MAAOA,cAAc;;qBAAdA,cAAc;EAAA;;UAAdA;EAAc;;cAPvBd,YAAY,EACZE,gBAAgB,EAChBC,mBAAmB,EACnBQ,qBAAqB,EAClBE,eAAe;EAAA;EAAA,OAGTC,cAAc;AAAA",
      "names": [
        "CommonModule",
        "registerLocaleData",
        "FlexLayoutModule",
        "ReactiveFormsModule",
        "MatButtonModule",
        "MatCardModule",
        "MatFormFieldModule",
        "MatIconModule",
        "MatInputModule",
        "MatSelectModule",
        "MatSnackBarModule",
        "SessionsRoutingModule",
        "localeFr",
        "materialModules",
        "SessionsModule"
      ],
      "sourceRoot": "",
      "sources": [
        "C:\\workspace\\OCR\\P5\\Tests-app-fullstack\\front\\src\\app\\features\\sessions\\sessions.module.ts"
      ],
      "sourcesContent": [
        "import { NgModule } from '@angular/core';\nimport { CommonModule, registerLocaleData } from '@angular/common';\nimport { FlexLayoutModule } from '@angular/flex-layout';\nimport { ReactiveFormsModule } from '@angular/forms';\nimport { MatButtonModule } from '@angular/material/button';\nimport { MatCardModule } from '@angular/material/card';\nimport { MatFormFieldModule } from '@angular/material/form-field';\nimport { MatIconModule } from '@angular/material/icon';\nimport { MatInputModule } from '@angular/material/input';\nimport { MatSelectModule } from '@angular/material/select';\nimport { MatSnackBarModule } from '@angular/material/snack-bar';\nimport { ListComponent } from './components/list/list.component';\nimport { FormComponent } from './components/form/form.component';\nimport { DetailComponent } from './components/detail/detail.component';\nimport { SessionsRoutingModule } from './sessions-routing.module';\nimport localeFr from '@angular/common/locales/fr';\nregisterLocaleData(localeFr);\n\nconst materialModules = [\n  MatButtonModule,\n  MatCardModule,\n  MatFormFieldModule,\n  MatIconModule,\n  MatInputModule,\n  MatSnackBarModule,\n  MatSelectModule\n];\n\n@NgModule({\n  declarations: [\n    ListComponent,\n    FormComponent,\n    DetailComponent\n  ],\n  imports: [\n    CommonModule,\n    FlexLayoutModule,\n    ReactiveFormsModule,\n    SessionsRoutingModule,\n    ...materialModules\n  ]\n})\nexport class SessionsModule { }\n"
      ]
    },
    "_coverageSchema": "1a1c01bbd47fc00a2c39e90264f33305004495a9",
    "hash": "e9a4a9a2e59ead4ebeeabf869946942f933fca74"
  }
}