{
  "C:\\Users\\lolle\\Desktop\\OpenClassrooms\\Projets de formation OC\\Projets à coder (FS Java-Angular)\\P5\\workspace\\front\\src\\polyfills.ts": {
    "path": "C:\\Users\\lolle\\Desktop\\OpenClassrooms\\Projets de formation OC\\Projets à coder (FS Java-Angular)\\P5\\workspace\\front\\src\\polyfills.ts",
    "statementMap": {},
    "fnMap": {},
    "branchMap": {},
    "s": {},
    "f": {},
    "b": {},
    "inputSourceMap": {
      "version": 3,
      "mappings": "AAAA;;;;;;;;;;;;;;;;AAgBA;;;;AAIA;;;;;;;;;;;;;;;;;;;;;;;;AAwBA;;;AAGA,OAAO,SAAP,C,CAAmB;;AAGnB",
      "names": [],
      "sourceRoot": "",
      "sources": [
        "C:\\Users\\lolle\\Desktop\\OpenClassrooms\\Projets de formation OC\\Projets à coder (FS Java-Angular)\\P5\\workspace\\front\\src\\polyfills.ts"
      ],
      "sourcesContent": [
        "/**\r\n * This file includes polyfills needed by Angular and is loaded before the app.\r\n * You can add your own extra polyfills to this file.\r\n *\r\n * This file is divided into 2 sections:\r\n *   1. Browser polyfills. These are applied before loading ZoneJS and are sorted by browsers.\r\n *   2. Application imports. Files imported after ZoneJS that should be loaded before your main\r\n *      file.\r\n *\r\n * The current setup is for so-called \"evergreen\" browsers; the last versions of browsers that\r\n * automatically update themselves. This includes recent versions of Safari, Chrome (including\r\n * Opera), Edge on the desktop, and iOS and Chrome on mobile.\r\n *\r\n * Learn more in https://angular.io/guide/browser-support\r\n */\r\n\r\n/***************************************************************************************************\r\n * BROWSER POLYFILLS\r\n */\r\n\r\n/**\r\n * By default, zone.js will patch all possible macroTask and DomEvents\r\n * user can disable parts of macroTask/DomEvents patch by setting following flags\r\n * because those flags need to be set before `zone.js` being loaded, and webpack\r\n * will put import in the top of bundle, so user need to create a separate file\r\n * in this directory (for example: zone-flags.ts), and put the following flags\r\n * into that file, and then add the following code before importing zone.js.\r\n * import './zone-flags';\r\n *\r\n * The flags allowed in zone-flags.ts are listed here.\r\n *\r\n * The following flags will work for all browsers.\r\n *\r\n * (window as any).__Zone_disable_requestAnimationFrame = true; // disable patch requestAnimationFrame\r\n * (window as any).__Zone_disable_on_property = true; // disable patch onProperty such as onclick\r\n * (window as any).__zone_symbol__UNPATCHED_EVENTS = ['scroll', 'mousemove']; // disable patch specified eventNames\r\n *\r\n *  in IE/Edge developer tools, the addEventListener will also be wrapped by zone.js\r\n *  with the following flag, it will bypass `zone.js` patch for IE/Edge\r\n *\r\n *  (window as any).__Zone_enable_cross_context_check = true;\r\n *\r\n */\r\n\r\n/***************************************************************************************************\r\n * Zone JS is required by default for Angular itself.\r\n */\r\nimport 'zone.js';  // Included with Angular CLI.\r\n\r\n\r\n/***************************************************************************************************\r\n * APPLICATION IMPORTS\r\n */\r\n"
      ]
    },
    "_coverageSchema": "1a1c01bbd47fc00a2c39e90264f33305004495a9",
    "hash": "8cfb34cd18c365b21659e0d513ab2a9683125063"
  },
  "C:\\Users\\lolle\\Desktop\\OpenClassrooms\\Projets de formation OC\\Projets à coder (FS Java-Angular)\\P5\\workspace\\front\\src\\app\\services\\session.service.ts": {
    "path": "C:\\Users\\lolle\\Desktop\\OpenClassrooms\\Projets de formation OC\\Projets à coder (FS Java-Angular)\\P5\\workspace\\front\\src\\app\\services\\session.service.ts",
    "statementMap": {
      "0": {
        "start": {
          "line": 3,
          "column": 41
        },
        "end": {
          "line": 42,
          "column": 4
        }
      },
      "1": {
        "start": {
          "line": 6,
          "column": 6
        },
        "end": {
          "line": 6,
          "column": 28
        }
      },
      "2": {
        "start": {
          "line": 7,
          "column": 6
        },
        "end": {
          "line": 7,
          "column": 64
        }
      },
      "3": {
        "start": {
          "line": 11,
          "column": 6
        },
        "end": {
          "line": 11,
          "column": 49
        }
      },
      "4": {
        "start": {
          "line": 15,
          "column": 6
        },
        "end": {
          "line": 15,
          "column": 37
        }
      },
      "5": {
        "start": {
          "line": 16,
          "column": 6
        },
        "end": {
          "line": 16,
          "column": 27
        }
      },
      "6": {
        "start": {
          "line": 17,
          "column": 6
        },
        "end": {
          "line": 17,
          "column": 18
        }
      },
      "7": {
        "start": {
          "line": 21,
          "column": 6
        },
        "end": {
          "line": 21,
          "column": 42
        }
      },
      "8": {
        "start": {
          "line": 22,
          "column": 6
        },
        "end": {
          "line": 22,
          "column": 28
        }
      },
      "9": {
        "start": {
          "line": 23,
          "column": 6
        },
        "end": {
          "line": 23,
          "column": 18
        }
      },
      "10": {
        "start": {
          "line": 27,
          "column": 6
        },
        "end": {
          "line": 27,
          "column": 47
        }
      },
      "11": {
        "start": {
          "line": 32,
          "column": 2
        },
        "end": {
          "line": 34,
          "column": 4
        }
      },
      "12": {
        "start": {
          "line": 33,
          "column": 4
        },
        "end": {
          "line": 33,
          "column": 39
        }
      },
      "13": {
        "start": {
          "line": 36,
          "column": 2
        },
        "end": {
          "line": 40,
          "column": 5
        }
      },
      "14": {
        "start": {
          "line": 41,
          "column": 2
        },
        "end": {
          "line": 41,
          "column": 24
        }
      }
    },
    "fnMap": {
      "0": {
        "name": "(anonymous_0)",
        "decl": {
          "start": {
            "line": 3,
            "column": 42
          },
          "end": {
            "line": 3,
            "column": 43
          }
        },
        "loc": {
          "start": {
            "line": 3,
            "column": 48
          },
          "end": {
            "line": 42,
            "column": 1
          }
        },
        "line": 3
      },
      "1": {
        "name": "(anonymous_1)",
        "decl": {
          "start": {
            "line": 5,
            "column": 4
          },
          "end": {
            "line": 5,
            "column": 5
          }
        },
        "loc": {
          "start": {
            "line": 5,
            "column": 18
          },
          "end": {
            "line": 8,
            "column": 5
          }
        },
        "line": 5
      },
      "2": {
        "name": "(anonymous_2)",
        "decl": {
          "start": {
            "line": 10,
            "column": 4
          },
          "end": {
            "line": 10,
            "column": 5
          }
        },
        "loc": {
          "start": {
            "line": 10,
            "column": 16
          },
          "end": {
            "line": 12,
            "column": 5
          }
        },
        "line": 10
      },
      "3": {
        "name": "(anonymous_3)",
        "decl": {
          "start": {
            "line": 14,
            "column": 4
          },
          "end": {
            "line": 14,
            "column": 5
          }
        },
        "loc": {
          "start": {
            "line": 14,
            "column": 16
          },
          "end": {
            "line": 18,
            "column": 5
          }
        },
        "line": 14
      },
      "4": {
        "name": "(anonymous_4)",
        "decl": {
          "start": {
            "line": 20,
            "column": 4
          },
          "end": {
            "line": 20,
            "column": 5
          }
        },
        "loc": {
          "start": {
            "line": 20,
            "column": 13
          },
          "end": {
            "line": 24,
            "column": 5
          }
        },
        "line": 20
      },
      "5": {
        "name": "(anonymous_5)",
        "decl": {
          "start": {
            "line": 26,
            "column": 4
          },
          "end": {
            "line": 26,
            "column": 5
          }
        },
        "loc": {
          "start": {
            "line": 26,
            "column": 11
          },
          "end": {
            "line": 28,
            "column": 5
          }
        },
        "line": 26
      },
      "6": {
        "name": "SessionService_Factory",
        "decl": {
          "start": {
            "line": 32,
            "column": 33
          },
          "end": {
            "line": 32,
            "column": 55
          }
        },
        "loc": {
          "start": {
            "line": 32,
            "column": 59
          },
          "end": {
            "line": 34,
            "column": 3
          }
        },
        "line": 32
      }
    },
    "branchMap": {
      "0": {
        "loc": {
          "start": {
            "line": 33,
            "column": 16
          },
          "end": {
            "line": 33,
            "column": 35
          }
        },
        "type": "binary-expr",
        "locations": [
          {
            "start": {
              "line": 33,
              "column": 16
            },
            "end": {
              "line": 33,
              "column": 17
            }
          },
          {
            "start": {
              "line": 33,
              "column": 21
            },
            "end": {
              "line": 33,
              "column": 35
            }
          }
        ],
        "line": 33
      }
    },
    "s": {
      "0": 3,
      "1": 3,
      "2": 3,
      "3": 159,
      "4": 0,
      "5": 0,
      "6": 0,
      "7": 0,
      "8": 0,
      "9": 0,
      "10": 0,
      "11": 3,
      "12": 3,
      "13": 3,
      "14": 3
    },
    "f": {
      "0": 3,
      "1": 3,
      "2": 159,
      "3": 0,
      "4": 0,
      "5": 0,
      "6": 3
    },
    "b": {
      "0": [
        3,
        3
      ]
    },
    "inputSourceMap": {
      "version": 3,
      "mappings": "AACA,SAASA,eAAT,QAA4C,MAA5C;;AAMA,WAAaC,cAAb;EAAM,MAAOA,cAAP,CAAqB;IAH3BC;MAKS,gBAAW,KAAX;MAGC,uBAAkB,IAAIF,eAAJ,CAA6B,KAAKG,QAAlC,CAAlB;IAqBT;;IAnBQC,SAAS;MACd,OAAO,KAAKC,eAAL,CAAqBC,YAArB,EAAP;IACD;;IAEMC,KAAK,CAACC,IAAD,EAAyB;MACnC,KAAKC,kBAAL,GAA0BD,IAA1B;MACA,KAAKL,QAAL,GAAgB,IAAhB;MACA,KAAKO,IAAL;IACD;;IAEMC,MAAM;MACX,KAAKF,kBAAL,GAA0BG,SAA1B;MACA,KAAKT,QAAL,GAAgB,KAAhB;MACA,KAAKO,IAAL;IACD;;IAEOA,IAAI;MACV,KAAKL,eAAL,CAAqBK,IAArB,CAA0B,KAAKP,QAA/B;IACD;;EAzBwB;;;qBAAdF;EAAc;;;WAAdA;IAAcY,SAAdZ,cAAc;IAAAa,YAFb;;EAEd,OAAab,cAAb;AAAA",
      "names": [
        "BehaviorSubject",
        "SessionService",
        "constructor",
        "isLogged",
        "$isLogged",
        "isLoggedSubject",
        "asObservable",
        "logIn",
        "user",
        "sessionInformation",
        "next",
        "logOut",
        "undefined",
        "factory",
        "providedIn"
      ],
      "sourceRoot": "",
      "sources": [
        "C:\\Users\\lolle\\Desktop\\OpenClassrooms\\Projets de formation OC\\Projets à coder (FS Java-Angular)\\P5\\workspace\\front\\src\\app\\services\\session.service.ts"
      ],
      "sourcesContent": [
        "import { Injectable } from '@angular/core';\r\nimport { BehaviorSubject, Observable } from 'rxjs';\r\nimport { SessionInformation } from '../interfaces/sessionInformation.interface';\r\n\r\n@Injectable({\r\n  providedIn: 'root'\r\n})\r\nexport class SessionService {\r\n\r\n  public isLogged = false;\r\n  public sessionInformation: SessionInformation | undefined;\r\n\r\n  private isLoggedSubject = new BehaviorSubject<boolean>(this.isLogged);\r\n\r\n  public $isLogged(): Observable<boolean> {\r\n    return this.isLoggedSubject.asObservable();\r\n  }\r\n\r\n  public logIn(user: SessionInformation): void {\r\n    this.sessionInformation = user;\r\n    this.isLogged = true;\r\n    this.next();\r\n  }\r\n\r\n  public logOut(): void {\r\n    this.sessionInformation = undefined;\r\n    this.isLogged = false;\r\n    this.next();\r\n  }\r\n\r\n  private next(): void {\r\n    this.isLoggedSubject.next(this.isLogged);\r\n  }\r\n}\r\n"
      ]
    },
    "_coverageSchema": "1a1c01bbd47fc00a2c39e90264f33305004495a9",
    "hash": "77b413e4ee276fb93d9c58f8eece4f5eb73ccca7"
  },
  "C:\\Users\\lolle\\Desktop\\OpenClassrooms\\Projets de formation OC\\Projets à coder (FS Java-Angular)\\P5\\workspace\\front\\src\\app\\services\\user.service.ts": {
    "path": "C:\\Users\\lolle\\Desktop\\OpenClassrooms\\Projets de formation OC\\Projets à coder (FS Java-Angular)\\P5\\workspace\\front\\src\\app\\services\\user.service.ts",
    "statementMap": {
      "0": {
        "start": {
          "line": 3,
          "column": 38
        },
        "end": {
          "line": 30,
          "column": 4
        }
      },
      "1": {
        "start": {
          "line": 6,
          "column": 6
        },
        "end": {
          "line": 6,
          "column": 35
        }
      },
      "2": {
        "start": {
          "line": 7,
          "column": 6
        },
        "end": {
          "line": 7,
          "column": 36
        }
      },
      "3": {
        "start": {
          "line": 11,
          "column": 6
        },
        "end": {
          "line": 11,
          "column": 62
        }
      },
      "4": {
        "start": {
          "line": 15,
          "column": 6
        },
        "end": {
          "line": 15,
          "column": 65
        }
      },
      "5": {
        "start": {
          "line": 20,
          "column": 2
        },
        "end": {
          "line": 22,
          "column": 4
        }
      },
      "6": {
        "start": {
          "line": 21,
          "column": 4
        },
        "end": {
          "line": 21,
          "column": 62
        }
      },
      "7": {
        "start": {
          "line": 24,
          "column": 2
        },
        "end": {
          "line": 28,
          "column": 5
        }
      },
      "8": {
        "start": {
          "line": 29,
          "column": 2
        },
        "end": {
          "line": 29,
          "column": 21
        }
      }
    },
    "fnMap": {
      "0": {
        "name": "(anonymous_0)",
        "decl": {
          "start": {
            "line": 3,
            "column": 39
          },
          "end": {
            "line": 3,
            "column": 40
          }
        },
        "loc": {
          "start": {
            "line": 3,
            "column": 45
          },
          "end": {
            "line": 30,
            "column": 1
          }
        },
        "line": 3
      },
      "1": {
        "name": "(anonymous_1)",
        "decl": {
          "start": {
            "line": 5,
            "column": 4
          },
          "end": {
            "line": 5,
            "column": 5
          }
        },
        "loc": {
          "start": {
            "line": 5,
            "column": 28
          },
          "end": {
            "line": 8,
            "column": 5
          }
        },
        "line": 5
      },
      "2": {
        "name": "(anonymous_2)",
        "decl": {
          "start": {
            "line": 10,
            "column": 4
          },
          "end": {
            "line": 10,
            "column": 5
          }
        },
        "loc": {
          "start": {
            "line": 10,
            "column": 16
          },
          "end": {
            "line": 12,
            "column": 5
          }
        },
        "line": 10
      },
      "3": {
        "name": "(anonymous_3)",
        "decl": {
          "start": {
            "line": 14,
            "column": 4
          },
          "end": {
            "line": 14,
            "column": 5
          }
        },
        "loc": {
          "start": {
            "line": 14,
            "column": 15
          },
          "end": {
            "line": 16,
            "column": 5
          }
        },
        "line": 14
      },
      "4": {
        "name": "UserService_Factory",
        "decl": {
          "start": {
            "line": 20,
            "column": 30
          },
          "end": {
            "line": 20,
            "column": 49
          }
        },
        "loc": {
          "start": {
            "line": 20,
            "column": 53
          },
          "end": {
            "line": 22,
            "column": 3
          }
        },
        "line": 20
      }
    },
    "branchMap": {
      "0": {
        "loc": {
          "start": {
            "line": 21,
            "column": 16
          },
          "end": {
            "line": 21,
            "column": 32
          }
        },
        "type": "binary-expr",
        "locations": [
          {
            "start": {
              "line": 21,
              "column": 16
            },
            "end": {
              "line": 21,
              "column": 17
            }
          },
          {
            "start": {
              "line": 21,
              "column": 21
            },
            "end": {
              "line": 21,
              "column": 32
            }
          }
        ],
        "line": 21
      }
    },
    "s": {
      "0": 3,
      "1": 0,
      "2": 0,
      "3": 0,
      "4": 0,
      "5": 3,
      "6": 0,
      "7": 3,
      "8": 3
    },
    "f": {
      "0": 3,
      "1": 0,
      "2": 0,
      "3": 0,
      "4": 0
    },
    "b": {
      "0": [
        0,
        0
      ]
    },
    "inputSourceMap": {
      "version": 3,
      "mappings": ";;AAQA,WAAaA,WAAb;EAAM,MAAOA,WAAP,CAAkB;IAItBC,YAAoBC,UAApB,EAA0C;MAAtB;MAFZ,mBAAc,UAAd;IAEuC;;IAExCC,OAAO,CAACC,EAAD,EAAW;MACvB,OAAO,KAAKF,UAAL,CAAgBG,GAAhB,CAA0B,GAAG,KAAKC,WAAW,IAAIF,EAAE,EAAnD,CAAP;IACD;;IAEMG,MAAM,CAACH,EAAD,EAAW;MACtB,OAAO,KAAKF,UAAL,CAAgBK,MAAhB,CAAuB,GAAG,KAAKD,WAAW,IAAIF,EAAE,EAAhD,CAAP;IACD;;EAZqB;;;qBAAXJ,aAAWQ;EAAA;;;WAAXR;IAAWS,SAAXT,WAAW;IAAAU,YAFV;;EAEd,OAAaV,WAAb;AAAA",
      "names": [
        "UserService",
        "constructor",
        "httpClient",
        "getById",
        "id",
        "get",
        "pathService",
        "delete",
        "i0",
        "factory",
        "providedIn"
      ],
      "sourceRoot": "",
      "sources": [
        "C:\\Users\\lolle\\Desktop\\OpenClassrooms\\Projets de formation OC\\Projets à coder (FS Java-Angular)\\P5\\workspace\\front\\src\\app\\services\\user.service.ts"
      ],
      "sourcesContent": [
        "import { HttpClient } from '@angular/common/http';\r\nimport { Injectable } from '@angular/core';\r\nimport { Observable } from 'rxjs';\r\nimport { User } from '../interfaces/user.interface';\r\n\r\n@Injectable({\r\n  providedIn: 'root'\r\n})\r\nexport class UserService {\r\n\r\n  private pathService = 'api/user';\r\n\r\n  constructor(private httpClient: HttpClient) { }\r\n\r\n  public getById(id: string): Observable<User> {\r\n    return this.httpClient.get<User>(`${this.pathService}/${id}`);\r\n  }\r\n\r\n  public delete(id: string): Observable<any> {\r\n    return this.httpClient.delete(`${this.pathService}/${id}`);\r\n  }\r\n}\r\n"
      ]
    },
    "_coverageSchema": "1a1c01bbd47fc00a2c39e90264f33305004495a9",
    "hash": "9f2ee7027557fc366964321bc153e786b7483f65"
  },
  "C:\\Users\\lolle\\Desktop\\OpenClassrooms\\Projets de formation OC\\Projets à coder (FS Java-Angular)\\P5\\workspace\\front\\src\\app\\components\\me\\me.component.ts": {
    "path": "C:\\Users\\lolle\\Desktop\\OpenClassrooms\\Projets de formation OC\\Projets à coder (FS Java-Angular)\\P5\\workspace\\front\\src\\app\\components\\me\\me.component.ts",
    "statementMap": {
      "0": {
        "start": {
          "line": 13,
          "column": 2
        },
        "end": {
          "line": 17,
          "column": 3
        }
      },
      "1": {
        "start": {
          "line": 14,
          "column": 4
        },
        "end": {
          "line": 14,
          "column": 33
        }
      },
      "2": {
        "start": {
          "line": 15,
          "column": 4
        },
        "end": {
          "line": 15,
          "column": 34
        }
      },
      "3": {
        "start": {
          "line": 16,
          "column": 4
        },
        "end": {
          "line": 16,
          "column": 22
        }
      },
      "4": {
        "start": {
          "line": 21,
          "column": 2
        },
        "end": {
          "line": 39,
          "column": 3
        }
      },
      "5": {
        "start": {
          "line": 22,
          "column": 16
        },
        "end": {
          "line": 22,
          "column": 37
        }
      },
      "6": {
        "start": {
          "line": 24,
          "column": 4
        },
        "end": {
          "line": 24,
          "column": 43
        }
      },
      "7": {
        "start": {
          "line": 25,
          "column": 4
        },
        "end": {
          "line": 25,
          "column": 39
        }
      },
      "8": {
        "start": {
          "line": 26,
          "column": 4
        },
        "end": {
          "line": 26,
          "column": 22
        }
      },
      "9": {
        "start": {
          "line": 27,
          "column": 4
        },
        "end": {
          "line": 27,
          "column": 39
        }
      },
      "10": {
        "start": {
          "line": 28,
          "column": 4
        },
        "end": {
          "line": 32,
          "column": 7
        }
      },
      "11": {
        "start": {
          "line": 29,
          "column": 6
        },
        "end": {
          "line": 29,
          "column": 28
        }
      },
      "12": {
        "start": {
          "line": 30,
          "column": 21
        },
        "end": {
          "line": 30,
          "column": 40
        }
      },
      "13": {
        "start": {
          "line": 31,
          "column": 6
        },
        "end": {
          "line": 31,
          "column": 45
        }
      },
      "14": {
        "start": {
          "line": 33,
          "column": 4
        },
        "end": {
          "line": 33,
          "column": 37
        }
      },
      "15": {
        "start": {
          "line": 34,
          "column": 4
        },
        "end": {
          "line": 34,
          "column": 27
        }
      },
      "16": {
        "start": {
          "line": 35,
          "column": 4
        },
        "end": {
          "line": 35,
          "column": 22
        }
      },
      "17": {
        "start": {
          "line": 36,
          "column": 4
        },
        "end": {
          "line": 36,
          "column": 37
        }
      },
      "18": {
        "start": {
          "line": 37,
          "column": 4
        },
        "end": {
          "line": 37,
          "column": 27
        }
      },
      "19": {
        "start": {
          "line": 38,
          "column": 4
        },
        "end": {
          "line": 38,
          "column": 26
        }
      },
      "20": {
        "start": {
          "line": 43,
          "column": 2
        },
        "end": {
          "line": 65,
          "column": 3
        }
      },
      "21": {
        "start": {
          "line": 44,
          "column": 4
        },
        "end": {
          "line": 44,
          "column": 43
        }
      },
      "22": {
        "start": {
          "line": 45,
          "column": 4
        },
        "end": {
          "line": 45,
          "column": 17
        }
      },
      "23": {
        "start": {
          "line": 46,
          "column": 4
        },
        "end": {
          "line": 46,
          "column": 30
        }
      },
      "24": {
        "start": {
          "line": 47,
          "column": 4
        },
        "end": {
          "line": 47,
          "column": 22
        }
      },
      "25": {
        "start": {
          "line": 48,
          "column": 4
        },
        "end": {
          "line": 48,
          "column": 30
        }
      },
      "26": {
        "start": {
          "line": 49,
          "column": 4
        },
        "end": {
          "line": 49,
          "column": 17
        }
      },
      "27": {
        "start": {
          "line": 50,
          "column": 4
        },
        "end": {
          "line": 50,
          "column": 22
        }
      },
      "28": {
        "start": {
          "line": 51,
          "column": 4
        },
        "end": {
          "line": 51,
          "column": 68
        }
      },
      "29": {
        "start": {
          "line": 52,
          "column": 4
        },
        "end": {
          "line": 52,
          "column": 72
        }
      },
      "30": {
        "start": {
          "line": 53,
          "column": 4
        },
        "end": {
          "line": 53,
          "column": 52
        }
      },
      "31": {
        "start": {
          "line": 54,
          "column": 4
        },
        "end": {
          "line": 54,
          "column": 33
        }
      },
      "32": {
        "start": {
          "line": 55,
          "column": 4
        },
        "end": {
          "line": 55,
          "column": 22
        }
      },
      "33": {
        "start": {
          "line": 56,
          "column": 4
        },
        "end": {
          "line": 56,
          "column": 18
        }
      },
      "34": {
        "start": {
          "line": 57,
          "column": 4
        },
        "end": {
          "line": 57,
          "column": 26
        }
      },
      "35": {
        "start": {
          "line": 58,
          "column": 4
        },
        "end": {
          "line": 58,
          "column": 22
        }
      },
      "36": {
        "start": {
          "line": 59,
          "column": 4
        },
        "end": {
          "line": 59,
          "column": 40
        }
      },
      "37": {
        "start": {
          "line": 60,
          "column": 4
        },
        "end": {
          "line": 60,
          "column": 35
        }
      },
      "38": {
        "start": {
          "line": 61,
          "column": 4
        },
        "end": {
          "line": 61,
          "column": 22
        }
      },
      "39": {
        "start": {
          "line": 62,
          "column": 4
        },
        "end": {
          "line": 62,
          "column": 18
        }
      },
      "40": {
        "start": {
          "line": 63,
          "column": 4
        },
        "end": {
          "line": 63,
          "column": 26
        }
      },
      "41": {
        "start": {
          "line": 64,
          "column": 4
        },
        "end": {
          "line": 64,
          "column": 26
        }
      },
      "42": {
        "start": {
          "line": 67,
          "column": 2
        },
        "end": {
          "line": 81,
          "column": 3
        }
      },
      "43": {
        "start": {
          "line": 68,
          "column": 19
        },
        "end": {
          "line": 68,
          "column": 37
        }
      },
      "44": {
        "start": {
          "line": 69,
          "column": 4
        },
        "end": {
          "line": 69,
          "column": 20
        }
      },
      "45": {
        "start": {
          "line": 70,
          "column": 4
        },
        "end": {
          "line": 70,
          "column": 112
        }
      },
      "46": {
        "start": {
          "line": 71,
          "column": 4
        },
        "end": {
          "line": 71,
          "column": 20
        }
      },
      "47": {
        "start": {
          "line": 72,
          "column": 4
        },
        "end": {
          "line": 72,
          "column": 60
        }
      },
      "48": {
        "start": {
          "line": 73,
          "column": 4
        },
        "end": {
          "line": 73,
          "column": 20
        }
      },
      "49": {
        "start": {
          "line": 74,
          "column": 4
        },
        "end": {
          "line": 74,
          "column": 45
        }
      },
      "50": {
        "start": {
          "line": 75,
          "column": 4
        },
        "end": {
          "line": 75,
          "column": 20
        }
      },
      "51": {
        "start": {
          "line": 76,
          "column": 4
        },
        "end": {
          "line": 76,
          "column": 46
        }
      },
      "52": {
        "start": {
          "line": 77,
          "column": 4
        },
        "end": {
          "line": 77,
          "column": 20
        }
      },
      "53": {
        "start": {
          "line": 78,
          "column": 4
        },
        "end": {
          "line": 78,
          "column": 93
        }
      },
      "54": {
        "start": {
          "line": 79,
          "column": 4
        },
        "end": {
          "line": 79,
          "column": 20
        }
      },
      "55": {
        "start": {
          "line": 80,
          "column": 4
        },
        "end": {
          "line": 80,
          "column": 94
        }
      },
      "56": {
        "start": {
          "line": 84,
          "column": 38
        },
        "end": {
          "line": 148,
          "column": 4
        }
      },
      "57": {
        "start": {
          "line": 87,
          "column": 6
        },
        "end": {
          "line": 87,
          "column": 27
        }
      },
      "58": {
        "start": {
          "line": 88,
          "column": 6
        },
        "end": {
          "line": 88,
          "column": 43
        }
      },
      "59": {
        "start": {
          "line": 89,
          "column": 6
        },
        "end": {
          "line": 89,
          "column": 37
        }
      },
      "60": {
        "start": {
          "line": 90,
          "column": 6
        },
        "end": {
          "line": 90,
          "column": 37
        }
      },
      "61": {
        "start": {
          "line": 94,
          "column": 6
        },
        "end": {
          "line": 94,
          "column": 121
        }
      },
      "62": {
        "start": {
          "line": 94,
          "column": 103
        },
        "end": {
          "line": 94,
          "column": 119
        }
      },
      "63": {
        "start": {
          "line": 98,
          "column": 6
        },
        "end": {
          "line": 98,
          "column": 28
        }
      },
      "64": {
        "start": {
          "line": 102,
          "column": 6
        },
        "end": {
          "line": 108,
          "column": 9
        }
      },
      "65": {
        "start": {
          "line": 103,
          "column": 8
        },
        "end": {
          "line": 105,
          "column": 11
        }
      },
      "66": {
        "start": {
          "line": 106,
          "column": 8
        },
        "end": {
          "line": 106,
          "column": 37
        }
      },
      "67": {
        "start": {
          "line": 107,
          "column": 8
        },
        "end": {
          "line": 107,
          "column": 36
        }
      },
      "68": {
        "start": {
          "line": 113,
          "column": 2
        },
        "end": {
          "line": 115,
          "column": 4
        }
      },
      "69": {
        "start": {
          "line": 114,
          "column": 4
        },
        "end": {
          "line": 114,
          "column": 184
        }
      },
      "70": {
        "start": {
          "line": 117,
          "column": 2
        },
        "end": {
          "line": 146,
          "column": 5
        }
      },
      "71": {
        "start": {
          "line": 124,
          "column": 6
        },
        "end": {
          "line": 138,
          "column": 7
        }
      },
      "72": {
        "start": {
          "line": 125,
          "column": 8
        },
        "end": {
          "line": 125,
          "column": 104
        }
      },
      "73": {
        "start": {
          "line": 126,
          "column": 8
        },
        "end": {
          "line": 128,
          "column": 11
        }
      },
      "74": {
        "start": {
          "line": 127,
          "column": 10
        },
        "end": {
          "line": 127,
          "column": 28
        }
      },
      "75": {
        "start": {
          "line": 129,
          "column": 8
        },
        "end": {
          "line": 129,
          "column": 41
        }
      },
      "76": {
        "start": {
          "line": 130,
          "column": 8
        },
        "end": {
          "line": 130,
          "column": 35
        }
      },
      "77": {
        "start": {
          "line": 131,
          "column": 8
        },
        "end": {
          "line": 131,
          "column": 28
        }
      },
      "78": {
        "start": {
          "line": 132,
          "column": 8
        },
        "end": {
          "line": 132,
          "column": 35
        }
      },
      "79": {
        "start": {
          "line": 133,
          "column": 8
        },
        "end": {
          "line": 133,
          "column": 41
        }
      },
      "80": {
        "start": {
          "line": 134,
          "column": 8
        },
        "end": {
          "line": 134,
          "column": 30
        }
      },
      "81": {
        "start": {
          "line": 135,
          "column": 8
        },
        "end": {
          "line": 135,
          "column": 49
        }
      },
      "82": {
        "start": {
          "line": 136,
          "column": 8
        },
        "end": {
          "line": 136,
          "column": 73
        }
      },
      "83": {
        "start": {
          "line": 137,
          "column": 8
        },
        "end": {
          "line": 137,
          "column": 30
        }
      },
      "84": {
        "start": {
          "line": 140,
          "column": 6
        },
        "end": {
          "line": 143,
          "column": 7
        }
      },
      "85": {
        "start": {
          "line": 141,
          "column": 8
        },
        "end": {
          "line": 141,
          "column": 25
        }
      },
      "86": {
        "start": {
          "line": 142,
          "column": 8
        },
        "end": {
          "line": 142,
          "column": 40
        }
      },
      "87": {
        "start": {
          "line": 147,
          "column": 2
        },
        "end": {
          "line": 147,
          "column": 21
        }
      }
    },
    "fnMap": {
      "0": {
        "name": "MeComponent_div_10_p_6_Template",
        "decl": {
          "start": {
            "line": 12,
            "column": 9
          },
          "end": {
            "line": 12,
            "column": 40
          }
        },
        "loc": {
          "start": {
            "line": 12,
            "column": 50
          },
          "end": {
            "line": 18,
            "column": 1
          }
        },
        "line": 12
      },
      "1": {
        "name": "MeComponent_div_10_div_7_Template",
        "decl": {
          "start": {
            "line": 20,
            "column": 9
          },
          "end": {
            "line": 20,
            "column": 42
          }
        },
        "loc": {
          "start": {
            "line": 20,
            "column": 52
          },
          "end": {
            "line": 40,
            "column": 1
          }
        },
        "line": 20
      },
      "2": {
        "name": "MeComponent_div_10_div_7_Template_button_click_3_listener",
        "decl": {
          "start": {
            "line": 28,
            "column": 36
          },
          "end": {
            "line": 28,
            "column": 93
          }
        },
        "loc": {
          "start": {
            "line": 28,
            "column": 96
          },
          "end": {
            "line": 32,
            "column": 5
          }
        },
        "line": 28
      },
      "3": {
        "name": "MeComponent_div_10_Template",
        "decl": {
          "start": {
            "line": 42,
            "column": 9
          },
          "end": {
            "line": 42,
            "column": 36
          }
        },
        "loc": {
          "start": {
            "line": 42,
            "column": 46
          },
          "end": {
            "line": 82,
            "column": 1
          }
        },
        "line": 42
      },
      "4": {
        "name": "(anonymous_4)",
        "decl": {
          "start": {
            "line": 84,
            "column": 39
          },
          "end": {
            "line": 84,
            "column": 40
          }
        },
        "loc": {
          "start": {
            "line": 84,
            "column": 45
          },
          "end": {
            "line": 148,
            "column": 1
          }
        },
        "line": 84
      },
      "5": {
        "name": "(anonymous_5)",
        "decl": {
          "start": {
            "line": 86,
            "column": 4
          },
          "end": {
            "line": 86,
            "column": 5
          }
        },
        "loc": {
          "start": {
            "line": 86,
            "column": 66
          },
          "end": {
            "line": 91,
            "column": 5
          }
        },
        "line": 86
      },
      "6": {
        "name": "(anonymous_6)",
        "decl": {
          "start": {
            "line": 93,
            "column": 4
          },
          "end": {
            "line": 93,
            "column": 5
          }
        },
        "loc": {
          "start": {
            "line": 93,
            "column": 15
          },
          "end": {
            "line": 95,
            "column": 5
          }
        },
        "line": 93
      },
      "7": {
        "name": "(anonymous_7)",
        "decl": {
          "start": {
            "line": 94,
            "column": 95
          },
          "end": {
            "line": 94,
            "column": 96
          }
        },
        "loc": {
          "start": {
            "line": 94,
            "column": 103
          },
          "end": {
            "line": 94,
            "column": 119
          }
        },
        "line": 94
      },
      "8": {
        "name": "(anonymous_8)",
        "decl": {
          "start": {
            "line": 97,
            "column": 4
          },
          "end": {
            "line": 97,
            "column": 5
          }
        },
        "loc": {
          "start": {
            "line": 97,
            "column": 11
          },
          "end": {
            "line": 99,
            "column": 5
          }
        },
        "line": 97
      },
      "9": {
        "name": "(anonymous_9)",
        "decl": {
          "start": {
            "line": 101,
            "column": 4
          },
          "end": {
            "line": 101,
            "column": 5
          }
        },
        "loc": {
          "start": {
            "line": 101,
            "column": 13
          },
          "end": {
            "line": 109,
            "column": 5
          }
        },
        "line": 101
      },
      "10": {
        "name": "(anonymous_10)",
        "decl": {
          "start": {
            "line": 102,
            "column": 94
          },
          "end": {
            "line": 102,
            "column": 95
          }
        },
        "loc": {
          "start": {
            "line": 102,
            "column": 99
          },
          "end": {
            "line": 108,
            "column": 7
          }
        },
        "line": 102
      },
      "11": {
        "name": "MeComponent_Factory",
        "decl": {
          "start": {
            "line": 113,
            "column": 30
          },
          "end": {
            "line": 113,
            "column": 49
          }
        },
        "loc": {
          "start": {
            "line": 113,
            "column": 53
          },
          "end": {
            "line": 115,
            "column": 3
          }
        },
        "line": 113
      },
      "12": {
        "name": "MeComponent_Template",
        "decl": {
          "start": {
            "line": 123,
            "column": 23
          },
          "end": {
            "line": 123,
            "column": 43
          }
        },
        "loc": {
          "start": {
            "line": 123,
            "column": 53
          },
          "end": {
            "line": 144,
            "column": 5
          }
        },
        "line": 123
      },
      "13": {
        "name": "MeComponent_Template_button_click_4_listener",
        "decl": {
          "start": {
            "line": 126,
            "column": 40
          },
          "end": {
            "line": 126,
            "column": 84
          }
        },
        "loc": {
          "start": {
            "line": 126,
            "column": 87
          },
          "end": {
            "line": 128,
            "column": 9
          }
        },
        "line": 126
      }
    },
    "branchMap": {
      "0": {
        "loc": {
          "start": {
            "line": 13,
            "column": 2
          },
          "end": {
            "line": 17,
            "column": 3
          }
        },
        "type": "if",
        "locations": [
          {
            "start": {
              "line": 13,
              "column": 2
            },
            "end": {
              "line": 17,
              "column": 3
            }
          },
          {
            "start": {
              "line": 13,
              "column": 2
            },
            "end": {
              "line": 17,
              "column": 3
            }
          }
        ],
        "line": 13
      },
      "1": {
        "loc": {
          "start": {
            "line": 21,
            "column": 2
          },
          "end": {
            "line": 39,
            "column": 3
          }
        },
        "type": "if",
        "locations": [
          {
            "start": {
              "line": 21,
              "column": 2
            },
            "end": {
              "line": 39,
              "column": 3
            }
          },
          {
            "start": {
              "line": 21,
              "column": 2
            },
            "end": {
              "line": 39,
              "column": 3
            }
          }
        ],
        "line": 21
      },
      "2": {
        "loc": {
          "start": {
            "line": 43,
            "column": 2
          },
          "end": {
            "line": 65,
            "column": 3
          }
        },
        "type": "if",
        "locations": [
          {
            "start": {
              "line": 43,
              "column": 2
            },
            "end": {
              "line": 65,
              "column": 3
            }
          },
          {
            "start": {
              "line": 43,
              "column": 2
            },
            "end": {
              "line": 65,
              "column": 3
            }
          }
        ],
        "line": 43
      },
      "3": {
        "loc": {
          "start": {
            "line": 67,
            "column": 2
          },
          "end": {
            "line": 81,
            "column": 3
          }
        },
        "type": "if",
        "locations": [
          {
            "start": {
              "line": 67,
              "column": 2
            },
            "end": {
              "line": 81,
              "column": 3
            }
          },
          {
            "start": {
              "line": 67,
              "column": 2
            },
            "end": {
              "line": 81,
              "column": 3
            }
          }
        ],
        "line": 67
      },
      "4": {
        "loc": {
          "start": {
            "line": 114,
            "column": 16
          },
          "end": {
            "line": 114,
            "column": 32
          }
        },
        "type": "binary-expr",
        "locations": [
          {
            "start": {
              "line": 114,
              "column": 16
            },
            "end": {
              "line": 114,
              "column": 17
            }
          },
          {
            "start": {
              "line": 114,
              "column": 21
            },
            "end": {
              "line": 114,
              "column": 32
            }
          }
        ],
        "line": 114
      },
      "5": {
        "loc": {
          "start": {
            "line": 124,
            "column": 6
          },
          "end": {
            "line": 138,
            "column": 7
          }
        },
        "type": "if",
        "locations": [
          {
            "start": {
              "line": 124,
              "column": 6
            },
            "end": {
              "line": 138,
              "column": 7
            }
          },
          {
            "start": {
              "line": 124,
              "column": 6
            },
            "end": {
              "line": 138,
              "column": 7
            }
          }
        ],
        "line": 124
      },
      "6": {
        "loc": {
          "start": {
            "line": 140,
            "column": 6
          },
          "end": {
            "line": 143,
            "column": 7
          }
        },
        "type": "if",
        "locations": [
          {
            "start": {
              "line": 140,
              "column": 6
            },
            "end": {
              "line": 143,
              "column": 7
            }
          },
          {
            "start": {
              "line": 140,
              "column": 6
            },
            "end": {
              "line": 143,
              "column": 7
            }
          }
        ],
        "line": 140
      }
    },
    "s": {
      "0": 0,
      "1": 0,
      "2": 0,
      "3": 0,
      "4": 0,
      "5": 0,
      "6": 0,
      "7": 0,
      "8": 0,
      "9": 0,
      "10": 0,
      "11": 0,
      "12": 0,
      "13": 0,
      "14": 0,
      "15": 0,
      "16": 0,
      "17": 0,
      "18": 0,
      "19": 0,
      "20": 0,
      "21": 0,
      "22": 0,
      "23": 0,
      "24": 0,
      "25": 0,
      "26": 0,
      "27": 0,
      "28": 0,
      "29": 0,
      "30": 0,
      "31": 0,
      "32": 0,
      "33": 0,
      "34": 0,
      "35": 0,
      "36": 0,
      "37": 0,
      "38": 0,
      "39": 0,
      "40": 0,
      "41": 0,
      "42": 0,
      "43": 0,
      "44": 0,
      "45": 0,
      "46": 0,
      "47": 0,
      "48": 0,
      "49": 0,
      "50": 0,
      "51": 0,
      "52": 0,
      "53": 0,
      "54": 0,
      "55": 0,
      "56": 3,
      "57": 0,
      "58": 0,
      "59": 0,
      "60": 0,
      "61": 0,
      "62": 0,
      "63": 0,
      "64": 0,
      "65": 0,
      "66": 0,
      "67": 0,
      "68": 3,
      "69": 0,
      "70": 3,
      "71": 0,
      "72": 0,
      "73": 0,
      "74": 0,
      "75": 0,
      "76": 0,
      "77": 0,
      "78": 0,
      "79": 0,
      "80": 0,
      "81": 0,
      "82": 0,
      "83": 0,
      "84": 0,
      "85": 0,
      "86": 0,
      "87": 3
    },
    "f": {
      "0": 0,
      "1": 0,
      "2": 0,
      "3": 0,
      "4": 3,
      "5": 0,
      "6": 0,
      "7": 0,
      "8": 0,
      "9": 0,
      "10": 0,
      "11": 0,
      "12": 0,
      "13": 0
    },
    "b": {
      "0": [
        0,
        0
      ],
      "1": [
        0,
        0
      ],
      "2": [
        0,
        0
      ],
      "3": [
        0,
        0
      ],
      "4": [
        0,
        0
      ],
      "5": [
        0,
        0
      ],
      "6": [
        0,
        0
      ]
    },
    "inputSourceMap": {
      "version": 3,
      "mappings": ";;;;;;;;;;;;;IAcQA;IAAkCA;IAAaA;;;;;;;;IAC/CA,+BAAqF,CAArF,EAAqF,GAArF;IACKA;IAAkBA;IACrBA;IAAuCA;MAAAA;MAAA;MAAA,OAASA,+BAAT;IAAiB,CAAjB;IACrCA;IAAUA;IAAMA;IAChBA;IAAkBA;IAAMA;;;;;;IAR9BA,+BAAiE,CAAjE,EAAiE,GAAjE;IACKA;;IAA0DA;IAC7DA;IAAGA;IAAuBA;IAC1BA;IACAA;IAOAA,+BAA0D,CAA1D,EAA0D,GAA1D,EAA0D,EAA1D,EAA0D,GAA1D;IAEQA;IAAWA;IAAKA;;IAAsCA;IAC5DA,2BAAG,EAAH,EAAG,GAAH;IAAMA;IAAaA;IAAKA;;IAAqCA;;;;;IAb5DA;IAAAA;IACAA;IAAAA;IACCA;IAAAA;IACEA;IAAAA;IASkBA;IAAAA;IACEA;IAAAA;;;;ACblC,WAAaC,WAAb;EAAM,MAAOA,WAAP,CAAkB;IAItBC,YAAoBC,MAApB,EACoBC,cADpB,EAEoBC,WAFpB,EAGoBC,WAHpB,EAG4C;MAHxB;MACA;MACA;MACA;IACnB;;IAEMC,QAAQ;MACb,KAAKD,WAAL,CACGE,OADH,CACW,KAAKJ,cAAL,CAAoBK,kBAApB,CAAwCC,EAAxC,CAA2CC,QAA3C,EADX,EAEGC,SAFH,CAEcC,IAAD,IAAgB,KAAKA,IAAL,GAAYA,IAFzC;IAGD;;IAEMC,IAAI;MACTC,MAAM,CAACC,OAAP,CAAeF,IAAf;IACD;;IAEMG,MAAM;MACX,KAAKX,WAAL,CACGW,MADH,CACU,KAAKb,cAAL,CAAoBK,kBAApB,CAAwCC,EAAxC,CAA2CC,QAA3C,EADV,EAEGC,SAFH,CAEcM,CAAD,IAAM;QACf,KAAKb,WAAL,CAAiBc,IAAjB,CAAsB,iCAAtB,EAAyD,OAAzD,EAAkE;UAAEC,QAAQ,EAAE;QAAZ,CAAlE;QACA,KAAKhB,cAAL,CAAoBiB,MAApB;QACA,KAAKlB,MAAL,CAAYmB,QAAZ,CAAqB,CAAC,GAAD,CAArB;MACD,CANH;IAOD;;EA5BqB;;;qBAAXrB,aAAWD;EAAA;;;UAAXC;IAAWsB;IAAAC;IAAAC;IAAAC;IAAAC;MAAA;QDZxB3B,+BAAgB,CAAhB,EAAgB,UAAhB,EAAgB,CAAhB,EAAgB,gBAAhB,EAAgB,CAAhB,EAAgB,KAAhB,EAAgB,CAAhB,EAAgB,CAAhB,EAAgB,QAAhB,EAAgB,CAAhB;QAIgCA;UAAA,OAAS4B,UAAT;QAAe,CAAf;QACtB5B;QAAUA;QAAUA;QAEtBA;QAAIA;QAAgBA;QAGxBA;QACEA;QAiBFA;;;;QAjBQA;QAAAA;;;;;ECCZ,OAAaC,WAAb;AAAA",
      "names": [
        "i0",
        "MeComponent",
        "constructor",
        "router",
        "sessionService",
        "matSnackBar",
        "userService",
        "ngOnInit",
        "getById",
        "sessionInformation",
        "id",
        "toString",
        "subscribe",
        "user",
        "back",
        "window",
        "history",
        "delete",
        "_",
        "open",
        "duration",
        "logOut",
        "navigate",
        "selectors",
        "decls",
        "vars",
        "consts",
        "template",
        "ctx"
      ],
      "sourceRoot": "",
      "sources": [
        "C:\\Users\\lolle\\Desktop\\OpenClassrooms\\Projets de formation OC\\Projets à coder (FS Java-Angular)\\P5\\workspace\\front\\src\\app\\components\\me\\me.component.html",
        "C:\\Users\\lolle\\Desktop\\OpenClassrooms\\Projets de formation OC\\Projets à coder (FS Java-Angular)\\P5\\workspace\\front\\src\\app\\components\\me\\me.component.ts"
      ],
      "sourcesContent": [
        "<div class=\"m3\">\r\n  <mat-card>\r\n    <mat-card-title>\r\n      <div fxLayout=\"row\" fxLayoutAlign=\"start center\">\r\n        <button mat-icon-button (click)=\"back()\">\r\n          <mat-icon>arrow_back</mat-icon>\r\n        </button>\r\n        <h1>User information</h1>\r\n      </div>\r\n    </mat-card-title>\r\n    <mat-card-content>\r\n      <div *ngIf=\"user\" fxLayout=\"column\" fxLayoutAlign=\"start center\">\r\n        <p>Name: {{ user.firstName }} {{ user.lastName | uppercase }}</p>\r\n        <p>Email: {{ user.email }}</p>\r\n        <p *ngIf=\"user.admin\" class=\"my2\">You are admin</p>\r\n        <div *ngIf=\"!user.admin\" fxLayout=\"column\" class=\"my2\" fxLayoutAlign=\"center center\">\r\n          <p>Delete my account:</p>\r\n          <button mat-raised-button color=\"warn\" (click)=\"delete()\">\r\n            <mat-icon>delete</mat-icon>\r\n            <span class=\"ml1\">Detail</span>\r\n          </button>\r\n        </div>\r\n        <div fxLayoutAlign=\"space-between center\" class=\"p2 w100\">\r\n\r\n          <p><i>Create at: </i> {{ user.createdAt | date: 'longDate'}}</p>\r\n          <p><i>Last update: </i> {{ user.updatedAt| date: 'longDate'}}</p>\r\n        </div>\r\n      </div>\r\n    </mat-card-content>\r\n  </mat-card>\r\n</div>\r\n",
        "import { Component, OnInit } from '@angular/core';\r\nimport { MatSnackBar } from '@angular/material/snack-bar';\r\nimport { Router } from '@angular/router';\r\nimport { User } from '../../interfaces/user.interface';\r\nimport { SessionService } from '../../services/session.service';\r\nimport { UserService } from '../../services/user.service';\r\n\r\n@Component({\r\n  selector: 'app-me',\r\n  templateUrl: './me.component.html',\r\n  styleUrls: ['./me.component.scss']\r\n})\r\nexport class MeComponent implements OnInit {\r\n\r\n  public user: User | undefined;\r\n\r\n  constructor(private router: Router,\r\n              private sessionService: SessionService,\r\n              private matSnackBar: MatSnackBar,\r\n              private userService: UserService) {\r\n  }\r\n\r\n  public ngOnInit(): void {\r\n    this.userService\r\n      .getById(this.sessionService.sessionInformation!.id.toString())\r\n      .subscribe((user: User) => this.user = user);\r\n  }\r\n\r\n  public back(): void {\r\n    window.history.back();\r\n  }\r\n\r\n  public delete(): void {\r\n    this.userService\r\n      .delete(this.sessionService.sessionInformation!.id.toString())\r\n      .subscribe((_) => {\r\n        this.matSnackBar.open(\"Your account has been deleted !\", 'Close', { duration: 3000 });\r\n        this.sessionService.logOut();\r\n        this.router.navigate(['/']);\r\n      })\r\n  }\r\n\r\n}\r\n"
      ]
    },
    "_coverageSchema": "1a1c01bbd47fc00a2c39e90264f33305004495a9",
    "hash": "f8526e2cdaa6fac3e849795d6397a29da42b345c"
  },
  "C:\\Users\\lolle\\Desktop\\OpenClassrooms\\Projets de formation OC\\Projets à coder (FS Java-Angular)\\P5\\workspace\\front\\src\\app\\components\\not-found\\not-found.component.ts": {
    "path": "C:\\Users\\lolle\\Desktop\\OpenClassrooms\\Projets de formation OC\\Projets à coder (FS Java-Angular)\\P5\\workspace\\front\\src\\app\\components\\not-found\\not-found.component.ts",
    "statementMap": {
      "0": {
        "start": {
          "line": 2,
          "column": 44
        },
        "end": {
          "line": 25,
          "column": 4
        }
      },
      "1": {
        "start": {
          "line": 5,
          "column": 2
        },
        "end": {
          "line": 7,
          "column": 4
        }
      },
      "2": {
        "start": {
          "line": 6,
          "column": 4
        },
        "end": {
          "line": 6,
          "column": 42
        }
      },
      "3": {
        "start": {
          "line": 9,
          "column": 2
        },
        "end": {
          "line": 23,
          "column": 5
        }
      },
      "4": {
        "start": {
          "line": 16,
          "column": 6
        },
        "end": {
          "line": 20,
          "column": 7
        }
      },
      "5": {
        "start": {
          "line": 17,
          "column": 8
        },
        "end": {
          "line": 17,
          "column": 48
        }
      },
      "6": {
        "start": {
          "line": 18,
          "column": 8
        },
        "end": {
          "line": 18,
          "column": 41
        }
      },
      "7": {
        "start": {
          "line": 19,
          "column": 8
        },
        "end": {
          "line": 19,
          "column": 28
        }
      },
      "8": {
        "start": {
          "line": 24,
          "column": 2
        },
        "end": {
          "line": 24,
          "column": 27
        }
      }
    },
    "fnMap": {
      "0": {
        "name": "(anonymous_0)",
        "decl": {
          "start": {
            "line": 2,
            "column": 45
          },
          "end": {
            "line": 2,
            "column": 46
          }
        },
        "loc": {
          "start": {
            "line": 2,
            "column": 51
          },
          "end": {
            "line": 25,
            "column": 1
          }
        },
        "line": 2
      },
      "1": {
        "name": "NotFoundComponent_Factory",
        "decl": {
          "start": {
            "line": 5,
            "column": 36
          },
          "end": {
            "line": 5,
            "column": 61
          }
        },
        "loc": {
          "start": {
            "line": 5,
            "column": 65
          },
          "end": {
            "line": 7,
            "column": 3
          }
        },
        "line": 5
      },
      "2": {
        "name": "NotFoundComponent_Template",
        "decl": {
          "start": {
            "line": 15,
            "column": 23
          },
          "end": {
            "line": 15,
            "column": 49
          }
        },
        "loc": {
          "start": {
            "line": 15,
            "column": 59
          },
          "end": {
            "line": 21,
            "column": 5
          }
        },
        "line": 15
      }
    },
    "branchMap": {
      "0": {
        "loc": {
          "start": {
            "line": 6,
            "column": 16
          },
          "end": {
            "line": 6,
            "column": 38
          }
        },
        "type": "binary-expr",
        "locations": [
          {
            "start": {
              "line": 6,
              "column": 16
            },
            "end": {
              "line": 6,
              "column": 17
            }
          },
          {
            "start": {
              "line": 6,
              "column": 21
            },
            "end": {
              "line": 6,
              "column": 38
            }
          }
        ],
        "line": 6
      },
      "1": {
        "loc": {
          "start": {
            "line": 16,
            "column": 6
          },
          "end": {
            "line": 20,
            "column": 7
          }
        },
        "type": "if",
        "locations": [
          {
            "start": {
              "line": 16,
              "column": 6
            },
            "end": {
              "line": 20,
              "column": 7
            }
          },
          {
            "start": {
              "line": 16,
              "column": 6
            },
            "end": {
              "line": 20,
              "column": 7
            }
          }
        ],
        "line": 16
      }
    },
    "s": {
      "0": 3,
      "1": 3,
      "2": 0,
      "3": 3,
      "4": 0,
      "5": 0,
      "6": 0,
      "7": 0,
      "8": 3
    },
    "f": {
      "0": 3,
      "1": 0,
      "2": 0
    },
    "b": {
      "0": [
        0,
        0
      ],
      "1": [
        0,
        0
      ]
    },
    "inputSourceMap": {
      "version": 3,
      "mappings": ";AAOA,WAAaA,iBAAb;EAAM,MAAOA,iBAAP,CAAwB;;;qBAAjBA;EAAiB;;;UAAjBA;IAAiBC;IAAAC;IAAAC;IAAAC;IAAAC;MAAA;QCP9BC,+BAAqC,CAArC,EAAqC,IAArC;QACYA;QAAgBA;;;;;EDM5B,OAAaN,iBAAb;AAAA",
      "names": [
        "NotFoundComponent",
        "selectors",
        "decls",
        "vars",
        "consts",
        "template",
        "i0"
      ],
      "sourceRoot": "",
      "sources": [
        "C:\\Users\\lolle\\Desktop\\OpenClassrooms\\Projets de formation OC\\Projets à coder (FS Java-Angular)\\P5\\workspace\\front\\src\\app\\components\\not-found\\not-found.component.ts",
        "C:\\Users\\lolle\\Desktop\\OpenClassrooms\\Projets de formation OC\\Projets à coder (FS Java-Angular)\\P5\\workspace\\front\\src\\app\\components\\not-found\\not-found.component.html"
      ],
      "sourcesContent": [
        "import { Component } from '@angular/core';\r\n\r\n@Component({\r\n  selector: 'app-not-found',\r\n  templateUrl: './not-found.component.html',\r\n  styleUrls: ['./not-found.component.scss']\r\n})\r\nexport class NotFoundComponent {\r\n}\r\n",
        "<div class=\"flex justify-center mt3\">\r\n        <h1>Page not found !</h1>\r\n</div>"
      ]
    },
    "_coverageSchema": "1a1c01bbd47fc00a2c39e90264f33305004495a9",
    "hash": "68da37b2f5cbf42ae342e2976c766b88b3404998"
  },
  "C:\\Users\\lolle\\Desktop\\OpenClassrooms\\Projets de formation OC\\Projets à coder (FS Java-Angular)\\P5\\workspace\\front\\src\\app\\guards\\auth.guard.ts": {
    "path": "C:\\Users\\lolle\\Desktop\\OpenClassrooms\\Projets de formation OC\\Projets à coder (FS Java-Angular)\\P5\\workspace\\front\\src\\app\\guards\\auth.guard.ts",
    "statementMap": {
      "0": {
        "start": {
          "line": 5,
          "column": 36
        },
        "end": {
          "line": 33,
          "column": 4
        }
      },
      "1": {
        "start": {
          "line": 8,
          "column": 6
        },
        "end": {
          "line": 8,
          "column": 27
        }
      },
      "2": {
        "start": {
          "line": 9,
          "column": 6
        },
        "end": {
          "line": 9,
          "column": 43
        }
      },
      "3": {
        "start": {
          "line": 13,
          "column": 6
        },
        "end": {
          "line": 16,
          "column": 7
        }
      },
      "4": {
        "start": {
          "line": 14,
          "column": 8
        },
        "end": {
          "line": 14,
          "column": 40
        }
      },
      "5": {
        "start": {
          "line": 15,
          "column": 8
        },
        "end": {
          "line": 15,
          "column": 21
        }
      },
      "6": {
        "start": {
          "line": 18,
          "column": 6
        },
        "end": {
          "line": 18,
          "column": 18
        }
      },
      "7": {
        "start": {
          "line": 23,
          "column": 2
        },
        "end": {
          "line": 25,
          "column": 4
        }
      },
      "8": {
        "start": {
          "line": 24,
          "column": 4
        },
        "end": {
          "line": 24,
          "column": 88
        }
      },
      "9": {
        "start": {
          "line": 27,
          "column": 2
        },
        "end": {
          "line": 31,
          "column": 5
        }
      },
      "10": {
        "start": {
          "line": 32,
          "column": 2
        },
        "end": {
          "line": 32,
          "column": 19
        }
      }
    },
    "fnMap": {
      "0": {
        "name": "(anonymous_0)",
        "decl": {
          "start": {
            "line": 5,
            "column": 37
          },
          "end": {
            "line": 5,
            "column": 38
          }
        },
        "loc": {
          "start": {
            "line": 5,
            "column": 43
          },
          "end": {
            "line": 33,
            "column": 1
          }
        },
        "line": 5
      },
      "1": {
        "name": "(anonymous_1)",
        "decl": {
          "start": {
            "line": 7,
            "column": 4
          },
          "end": {
            "line": 7,
            "column": 5
          }
        },
        "loc": {
          "start": {
            "line": 7,
            "column": 40
          },
          "end": {
            "line": 10,
            "column": 5
          }
        },
        "line": 7
      },
      "2": {
        "name": "(anonymous_2)",
        "decl": {
          "start": {
            "line": 12,
            "column": 4
          },
          "end": {
            "line": 12,
            "column": 5
          }
        },
        "loc": {
          "start": {
            "line": 12,
            "column": 18
          },
          "end": {
            "line": 19,
            "column": 5
          }
        },
        "line": 12
      },
      "3": {
        "name": "AuthGuard_Factory",
        "decl": {
          "start": {
            "line": 23,
            "column": 28
          },
          "end": {
            "line": 23,
            "column": 45
          }
        },
        "loc": {
          "start": {
            "line": 23,
            "column": 49
          },
          "end": {
            "line": 25,
            "column": 3
          }
        },
        "line": 23
      }
    },
    "branchMap": {
      "0": {
        "loc": {
          "start": {
            "line": 13,
            "column": 6
          },
          "end": {
            "line": 16,
            "column": 7
          }
        },
        "type": "if",
        "locations": [
          {
            "start": {
              "line": 13,
              "column": 6
            },
            "end": {
              "line": 16,
              "column": 7
            }
          },
          {
            "start": {
              "line": 13,
              "column": 6
            },
            "end": {
              "line": 16,
              "column": 7
            }
          }
        ],
        "line": 13
      },
      "1": {
        "loc": {
          "start": {
            "line": 24,
            "column": 16
          },
          "end": {
            "line": 24,
            "column": 30
          }
        },
        "type": "binary-expr",
        "locations": [
          {
            "start": {
              "line": 24,
              "column": 16
            },
            "end": {
              "line": 24,
              "column": 17
            }
          },
          {
            "start": {
              "line": 24,
              "column": 21
            },
            "end": {
              "line": 24,
              "column": 30
            }
          }
        ],
        "line": 24
      }
    },
    "s": {
      "0": 3,
      "1": 0,
      "2": 0,
      "3": 0,
      "4": 0,
      "5": 0,
      "6": 0,
      "7": 3,
      "8": 0,
      "9": 3,
      "10": 3
    },
    "f": {
      "0": 3,
      "1": 0,
      "2": 0,
      "3": 0
    },
    "b": {
      "0": [
        0,
        0
      ],
      "1": [
        0,
        0
      ]
    },
    "inputSourceMap": {
      "version": 3,
      "mappings": "AACA,SAAqBA,MAArB,QAAkC,iBAAlC;;;;AAIA,WAAaC,SAAb;EAAM,MAAOA,SAAP,CAAgB;IAEpBC,YACUC,MADV,EAEUC,cAFV,EAEwC;MAD9B;MACA;IAET;;IAEMC,WAAW;MAChB,IAAI,CAAC,KAAKD,cAAL,CAAoBE,QAAzB,EAAmC;QACjC,KAAKH,MAAL,CAAYI,QAAZ,CAAqB,CAAC,OAAD,CAArB;QACA,OAAO,KAAP;MACD;;MACD,OAAO,IAAP;IACD;;EAdmB;;;qBAATN,WAASO;EAAA;;;WAATP;IAASQ,SAATR,SAAS;IAAAS,YADG;;EACzB,OAAaT,SAAb;AAAA",
      "names": [
        "Router",
        "AuthGuard",
        "constructor",
        "router",
        "sessionService",
        "canActivate",
        "isLogged",
        "navigate",
        "i0",
        "factory",
        "providedIn"
      ],
      "sourceRoot": "",
      "sources": [
        "C:\\Users\\lolle\\Desktop\\OpenClassrooms\\Projets de formation OC\\Projets à coder (FS Java-Angular)\\P5\\workspace\\front\\src\\app\\guards\\auth.guard.ts"
      ],
      "sourcesContent": [
        "import {Injectable} from \"@angular/core\";\r\nimport {CanActivate, Router} from \"@angular/router\"; \r\nimport { SessionService } from \"../services/session.service\";\r\n\r\n@Injectable({providedIn: 'root'})\r\nexport class AuthGuard implements CanActivate {\r\n\r\n  constructor( \r\n    private router: Router,\r\n    private sessionService: SessionService,\r\n  ) {\r\n  }\r\n\r\n  public canActivate(): boolean {\r\n    if (!this.sessionService.isLogged) {\r\n      this.router.navigate(['login']);\r\n      return false;\r\n    }\r\n    return true;\r\n  }\r\n}"
      ]
    },
    "_coverageSchema": "1a1c01bbd47fc00a2c39e90264f33305004495a9",
    "hash": "014e3d0309d39789aa5a2263ae21e729a0b616b6"
  },
  "C:\\Users\\lolle\\Desktop\\OpenClassrooms\\Projets de formation OC\\Projets à coder (FS Java-Angular)\\P5\\workspace\\front\\src\\app\\guards\\unauth.guard.ts": {
    "path": "C:\\Users\\lolle\\Desktop\\OpenClassrooms\\Projets de formation OC\\Projets à coder (FS Java-Angular)\\P5\\workspace\\front\\src\\app\\guards\\unauth.guard.ts",
    "statementMap": {
      "0": {
        "start": {
          "line": 5,
          "column": 38
        },
        "end": {
          "line": 33,
          "column": 4
        }
      },
      "1": {
        "start": {
          "line": 8,
          "column": 6
        },
        "end": {
          "line": 8,
          "column": 27
        }
      },
      "2": {
        "start": {
          "line": 9,
          "column": 6
        },
        "end": {
          "line": 9,
          "column": 43
        }
      },
      "3": {
        "start": {
          "line": 13,
          "column": 6
        },
        "end": {
          "line": 16,
          "column": 7
        }
      },
      "4": {
        "start": {
          "line": 14,
          "column": 8
        },
        "end": {
          "line": 14,
          "column": 42
        }
      },
      "5": {
        "start": {
          "line": 15,
          "column": 8
        },
        "end": {
          "line": 15,
          "column": 21
        }
      },
      "6": {
        "start": {
          "line": 18,
          "column": 6
        },
        "end": {
          "line": 18,
          "column": 18
        }
      },
      "7": {
        "start": {
          "line": 23,
          "column": 2
        },
        "end": {
          "line": 25,
          "column": 4
        }
      },
      "8": {
        "start": {
          "line": 24,
          "column": 4
        },
        "end": {
          "line": 24,
          "column": 90
        }
      },
      "9": {
        "start": {
          "line": 27,
          "column": 2
        },
        "end": {
          "line": 31,
          "column": 5
        }
      },
      "10": {
        "start": {
          "line": 32,
          "column": 2
        },
        "end": {
          "line": 32,
          "column": 21
        }
      }
    },
    "fnMap": {
      "0": {
        "name": "(anonymous_0)",
        "decl": {
          "start": {
            "line": 5,
            "column": 39
          },
          "end": {
            "line": 5,
            "column": 40
          }
        },
        "loc": {
          "start": {
            "line": 5,
            "column": 45
          },
          "end": {
            "line": 33,
            "column": 1
          }
        },
        "line": 5
      },
      "1": {
        "name": "(anonymous_1)",
        "decl": {
          "start": {
            "line": 7,
            "column": 4
          },
          "end": {
            "line": 7,
            "column": 5
          }
        },
        "loc": {
          "start": {
            "line": 7,
            "column": 40
          },
          "end": {
            "line": 10,
            "column": 5
          }
        },
        "line": 7
      },
      "2": {
        "name": "(anonymous_2)",
        "decl": {
          "start": {
            "line": 12,
            "column": 4
          },
          "end": {
            "line": 12,
            "column": 5
          }
        },
        "loc": {
          "start": {
            "line": 12,
            "column": 18
          },
          "end": {
            "line": 19,
            "column": 5
          }
        },
        "line": 12
      },
      "3": {
        "name": "UnauthGuard_Factory",
        "decl": {
          "start": {
            "line": 23,
            "column": 30
          },
          "end": {
            "line": 23,
            "column": 49
          }
        },
        "loc": {
          "start": {
            "line": 23,
            "column": 53
          },
          "end": {
            "line": 25,
            "column": 3
          }
        },
        "line": 23
      }
    },
    "branchMap": {
      "0": {
        "loc": {
          "start": {
            "line": 13,
            "column": 6
          },
          "end": {
            "line": 16,
            "column": 7
          }
        },
        "type": "if",
        "locations": [
          {
            "start": {
              "line": 13,
              "column": 6
            },
            "end": {
              "line": 16,
              "column": 7
            }
          },
          {
            "start": {
              "line": 13,
              "column": 6
            },
            "end": {
              "line": 16,
              "column": 7
            }
          }
        ],
        "line": 13
      },
      "1": {
        "loc": {
          "start": {
            "line": 24,
            "column": 16
          },
          "end": {
            "line": 24,
            "column": 32
          }
        },
        "type": "binary-expr",
        "locations": [
          {
            "start": {
              "line": 24,
              "column": 16
            },
            "end": {
              "line": 24,
              "column": 17
            }
          },
          {
            "start": {
              "line": 24,
              "column": 21
            },
            "end": {
              "line": 24,
              "column": 32
            }
          }
        ],
        "line": 24
      }
    },
    "s": {
      "0": 3,
      "1": 3,
      "2": 3,
      "3": 3,
      "4": 0,
      "5": 0,
      "6": 3,
      "7": 3,
      "8": 3,
      "9": 3,
      "10": 3
    },
    "f": {
      "0": 3,
      "1": 3,
      "2": 3,
      "3": 3
    },
    "b": {
      "0": [
        0,
        3
      ],
      "1": [
        3,
        3
      ]
    },
    "inputSourceMap": {
      "version": 3,
      "mappings": "AACA,SAAqBA,MAArB,QAAkC,iBAAlC;;;;AAIA,WAAaC,WAAb;EAAM,MAAOA,WAAP,CAAkB;IAEtBC,YACUC,MADV,EAEUC,cAFV,EAEwC;MAD9B;MACA;IAET;;IAEMC,WAAW;MAChB,IAAI,KAAKD,cAAL,CAAoBE,QAAxB,EAAkC;QAChC,KAAKH,MAAL,CAAYI,QAAZ,CAAqB,CAAC,SAAD,CAArB;QACA,OAAO,KAAP;MACD;;MACD,OAAO,IAAP;IACD;;EAdqB;;;qBAAXN,aAAWO;EAAA;;;WAAXP;IAAWQ,SAAXR,WAAW;IAAAS,YADC;;EACzB,OAAaT,WAAb;AAAA",
      "names": [
        "Router",
        "UnauthGuard",
        "constructor",
        "router",
        "sessionService",
        "canActivate",
        "isLogged",
        "navigate",
        "i0",
        "factory",
        "providedIn"
      ],
      "sourceRoot": "",
      "sources": [
        "C:\\Users\\lolle\\Desktop\\OpenClassrooms\\Projets de formation OC\\Projets à coder (FS Java-Angular)\\P5\\workspace\\front\\src\\app\\guards\\unauth.guard.ts"
      ],
      "sourcesContent": [
        "import {Injectable} from \"@angular/core\";\r\nimport {CanActivate, Router} from \"@angular/router\"; \r\nimport { SessionService } from \"../services/session.service\";\r\n\r\n@Injectable({providedIn: 'root'})\r\nexport class UnauthGuard implements CanActivate {\r\n\r\n  constructor( \r\n    private router: Router,\r\n    private sessionService: SessionService,\r\n  ) {\r\n  }\r\n\r\n  public canActivate(): boolean {\r\n    if (this.sessionService.isLogged) {\r\n      this.router.navigate(['rentals']);\r\n      return false;\r\n    }\r\n    return true;\r\n  }\r\n}"
      ]
    },
    "_coverageSchema": "1a1c01bbd47fc00a2c39e90264f33305004495a9",
    "hash": "ee3e2a7bf245be15996598387724a857241c2769"
  },
  "C:\\Users\\lolle\\Desktop\\OpenClassrooms\\Projets de formation OC\\Projets à coder (FS Java-Angular)\\P5\\workspace\\front\\src\\app\\app-routing.module.ts": {
    "path": "C:\\Users\\lolle\\Desktop\\OpenClassrooms\\Projets de formation OC\\Projets à coder (FS Java-Angular)\\P5\\workspace\\front\\src\\app\\app-routing.module.ts",
    "statementMap": {
      "0": {
        "start": {
          "line": 8,
          "column": 15
        },
        "end": {
          "line": 26,
          "column": 2
        }
      },
      "1": {
        "start": {
          "line": 11,
          "column": 22
        },
        "end": {
          "line": 11,
          "column": 83
        }
      },
      "2": {
        "start": {
          "line": 11,
          "column": 70
        },
        "end": {
          "line": 11,
          "column": 82
        }
      },
      "3": {
        "start": {
          "line": 15,
          "column": 22
        },
        "end": {
          "line": 15,
          "column": 95
        }
      },
      "4": {
        "start": {
          "line": 15,
          "column": 78
        },
        "end": {
          "line": 15,
          "column": 94
        }
      },
      "5": {
        "start": {
          "line": 27,
          "column": 43
        },
        "end": {
          "line": 41,
          "column": 4
        }
      },
      "6": {
        "start": {
          "line": 30,
          "column": 2
        },
        "end": {
          "line": 32,
          "column": 4
        }
      },
      "7": {
        "start": {
          "line": 31,
          "column": 4
        },
        "end": {
          "line": 31,
          "column": 41
        }
      },
      "8": {
        "start": {
          "line": 34,
          "column": 2
        },
        "end": {
          "line": 36,
          "column": 5
        }
      },
      "9": {
        "start": {
          "line": 37,
          "column": 2
        },
        "end": {
          "line": 39,
          "column": 5
        }
      },
      "10": {
        "start": {
          "line": 40,
          "column": 2
        },
        "end": {
          "line": 40,
          "column": 26
        }
      }
    },
    "fnMap": {
      "0": {
        "name": "(anonymous_0)",
        "decl": {
          "start": {
            "line": 11,
            "column": 16
          },
          "end": {
            "line": 11,
            "column": 17
          }
        },
        "loc": {
          "start": {
            "line": 11,
            "column": 22
          },
          "end": {
            "line": 11,
            "column": 83
          }
        },
        "line": 11
      },
      "1": {
        "name": "(anonymous_1)",
        "decl": {
          "start": {
            "line": 11,
            "column": 65
          },
          "end": {
            "line": 11,
            "column": 66
          }
        },
        "loc": {
          "start": {
            "line": 11,
            "column": 70
          },
          "end": {
            "line": 11,
            "column": 82
          }
        },
        "line": 11
      },
      "2": {
        "name": "(anonymous_2)",
        "decl": {
          "start": {
            "line": 15,
            "column": 16
          },
          "end": {
            "line": 15,
            "column": 17
          }
        },
        "loc": {
          "start": {
            "line": 15,
            "column": 22
          },
          "end": {
            "line": 15,
            "column": 95
          }
        },
        "line": 15
      },
      "3": {
        "name": "(anonymous_3)",
        "decl": {
          "start": {
            "line": 15,
            "column": 73
          },
          "end": {
            "line": 15,
            "column": 74
          }
        },
        "loc": {
          "start": {
            "line": 15,
            "column": 78
          },
          "end": {
            "line": 15,
            "column": 94
          }
        },
        "line": 15
      },
      "4": {
        "name": "(anonymous_4)",
        "decl": {
          "start": {
            "line": 27,
            "column": 44
          },
          "end": {
            "line": 27,
            "column": 45
          }
        },
        "loc": {
          "start": {
            "line": 27,
            "column": 50
          },
          "end": {
            "line": 41,
            "column": 1
          }
        },
        "line": 27
      },
      "5": {
        "name": "AppRoutingModule_Factory",
        "decl": {
          "start": {
            "line": 30,
            "column": 35
          },
          "end": {
            "line": 30,
[...]
            "column": 16
          },
          "end": {
            "line": 47,
            "column": 38
          }
        },
        "type": "binary-expr",
        "locations": [
          {
            "start": {
              "line": 47,
              "column": 16
            },
            "end": {
              "line": 47,
              "column": 17
            }
          },
          {
            "start": {
              "line": 47,
              "column": 21
            },
            "end": {
              "line": 47,
              "column": 38
            }
          }
        ],
        "line": 47
      },
      "2": {
        "loc": {
          "start": {
            "line": 57,
            "column": 6
          },
          "end": {
            "line": 82,
            "column": 7
          }
        },
        "type": "if",
        "locations": [
          {
            "start": {
              "line": 57,
              "column": 6
            },
            "end": {
              "line": 82,
              "column": 7
            }
          },
          {
            "start": {
              "line": 57,
              "column": 6
            },
            "end": {
              "line": 82,
              "column": 7
            }
          }
        ],
        "line": 57
      },
      "3": {
        "loc": {
          "start": {
            "line": 84,
            "column": 6
          },
          "end": {
            "line": 91,
            "column": 7
          }
        },
        "type": "if",
        "locations": [
          {
            "start": {
              "line": 84,
              "column": 6
            },
            "end": {
              "line": 91,
              "column": 7
            }
          },
          {
            "start": {
              "line": 84,
              "column": 6
            },
            "end": {
              "line": 91,
              "column": 7
            }
          }
        ],
        "line": 84
      }
    },
    "s": {
      "0": 0,
      "1": 0,
      "2": 0,
      "3": 0,
      "4": 3,
      "5": 3,
      "6": 3,
      "7": 3,
      "8": 3,
      "9": 3,
      "10": 2,
      "11": 2,
      "12": 2,
      "13": 0,
      "14": 3,
      "15": 3,
      "16": 3,
      "17": 146,
      "18": 3,
      "19": 3,
      "20": 3,
      "21": 3,
      "22": 3,
      "23": 2,
      "24": 3,
      "25": 3,
      "26": 3,
      "27": 3,
      "28": 3,
      "29": 3,
      "30": 3,
      "31": 3,
      "32": 3,
      "33": 3,
      "34": 3,
      "35": 3,
      "36": 3,
      "37": 3,
      "38": 3,
      "39": 3,
      "40": 3,
      "41": 146,
      "42": 143,
      "43": 143,
      "44": 143,
      "45": 143,
      "46": 143,
      "47": 143,
      "48": 3
    },
    "f": {
      "0": 0,
      "1": 3,
      "2": 3,
      "3": 2,
      "4": 2,
      "5": 0,
      "6": 3,
      "7": 146,
      "8": 2
    },
    "b": {
      "0": [
        0,
        0
      ],
      "1": [
        3,
        3
      ],
      "2": [
        3,
        143
      ],
      "3": [
        143,
        3
      ]
    },
    "inputSourceMap": {
      "version": 3,
      "mappings": "AACA,SAAsBA,UAAtB,QAAwC,gBAAxC;;;;;;;;;;;;;;ICoBYC;IAAwCA;IAAiBA;;;;ADVrE,WAAaC,iBAAb;EAAM,MAAOA,iBAAP,CAAwB;IAsC5BC,YAAoBC,WAApB,EACoBC,EADpB,EAEoBC,MAFpB,EAEkC;MAFd;MACA;MACA;MAtCb,eAAU,KAAV;MAEA,YAAO,KAAKD,EAAL,CAAQE,KAAR,CAAc;QAC1BC,KAAK,EAAE,CACL,EADK,EAEL,CACER,UAAU,CAACS,QADb,EAEET,UAAU,CAACQ,KAFb,CAFK,CADmB;QAQ1BE,SAAS,EAAE,CACT,EADS,EAET,CACEV,UAAU,CAACS,QADb,EAEET,UAAU,CAACW,GAAX,CAAe,CAAf,CAFF,EAGEX,UAAU,CAACY,GAAX,CAAe,EAAf,CAHF,CAFS,CARe;QAgB1BC,QAAQ,EAAE,CACR,EADQ,EAER,CACEb,UAAU,CAACS,QADb,EAEET,UAAU,CAACW,GAAX,CAAe,CAAf,CAFF,EAGEX,UAAU,CAACY,GAAX,CAAe,EAAf,CAHF,CAFQ,CAhBgB;QAwB1BE,QAAQ,EAAE,CACR,EADQ,EAER,CACEd,UAAU,CAACS,QADb,EAEET,UAAU,CAACW,GAAX,CAAe,CAAf,CAFF,EAGEX,UAAU,CAACY,GAAX,CAAe,EAAf,CAHF,CAFQ;MAxBgB,CAAd,CAAP;IAqCN;;IAEMG,MAAM;MACX,MAAMC,eAAe,GAAG,KAAKC,IAAL,CAAUC,KAAlC;MACA,KAAKd,WAAL,CAAiBe,QAAjB,CAA0BH,eAA1B,EAA2CI,SAA3C,CAAqD;QACjDC,IAAI,EAAGC,CAAD,IAAa,KAAKhB,MAAL,CAAYiB,QAAZ,CAAqB,CAAC,QAAD,CAArB,CAD8B;QAEjDC,KAAK,EAAEF,CAAC,IAAI,KAAKG,OAAL,GAAe;MAFsB,CAArD;IAKD;;EAlD2B;;;qBAAjBvB,mBAAiBD;EAAA;;;UAAjBC;IAAiBwB;IAAAC;IAAAC;IAAAC;IAAAC;MAAA;QCX9B7B,+BAAmE,CAAnE,EAAmE,UAAnE,EAAmE,CAAnE,EAAmE,iBAAnE,EAAmE,CAAnE,EAAmE,CAAnE,EAAmE,gBAAnE;QAG4BA;QAAQA;QAE5BA;QAA+CA;UAAA,OAAY8B,YAAZ;QAAoB,CAApB;QAC3C9B,4CAAoC,CAApC,EAAoC,gBAApC,EAAoC,CAApC;QAEQA;QACJA;QACAA;QACIA;QACJA;QACAA;QACIA;QACJA;QACAA;QACIA;QACJA;QAEJA;QAAkFA;QAAMA;QACxFA;QACJA;;;;QAjB4BA;QAAAA;QAegCA;QAAAA;QACjDA;QAAAA;;;;;;EDVnB,OAAaC,iBAAb;AAAA",
      "names": [
        "Validators",
        "i0",
        "RegisterComponent",
        "constructor",
        "authService",
        "fb",
        "router",
        "group",
        "email",
        "required",
        "firstName",
        "min",
        "max",
        "lastName",
        "password",
        "submit",
        "registerRequest",
        "form",
        "value",
        "register",
        "subscribe",
        "next",
        "_",
        "navigate",
        "error",
        "onError",
        "selectors",
        "decls",
        "vars",
        "consts",
        "template",
        "ctx"
      ],
      "sourceRoot": "",
      "sources": [
        "C:\\Users\\lolle\\Desktop\\OpenClassrooms\\Projets de formation OC\\Projets à coder (FS Java-Angular)\\P5\\workspace\\front\\src\\app\\features\\auth\\components\\register\\register.component.ts",
        "C:\\Users\\lolle\\Desktop\\OpenClassrooms\\Projets de formation OC\\Projets à coder (FS Java-Angular)\\P5\\workspace\\front\\src\\app\\features\\auth\\components\\register\\register.component.html"
      ],
      "sourcesContent": [
        "import { Component } from '@angular/core';\r\nimport { FormBuilder, Validators } from '@angular/forms';\r\nimport { Router } from '@angular/router';\r\nimport { AuthService } from '../../services/auth.service';\r\nimport { RegisterRequest } from '../../interfaces/registerRequest.interface';\r\n\r\n@Component({\r\n  selector: 'app-register',\r\n  templateUrl: './register.component.html',\r\n  styleUrls: ['./register.component.scss']\r\n})\r\nexport class RegisterComponent {\r\n\r\n  public onError = false;\r\n\r\n  public form = this.fb.group({\r\n    email: [\r\n      '',\r\n      [\r\n        Validators.required,\r\n        Validators.email\r\n      ]\r\n    ],\r\n    firstName: [\r\n      '',\r\n      [\r\n        Validators.required,\r\n        Validators.min(3),\r\n        Validators.max(20)\r\n      ]\r\n    ],\r\n    lastName: [\r\n      '',\r\n      [\r\n        Validators.required,\r\n        Validators.min(3),\r\n        Validators.max(20)\r\n      ]\r\n    ],\r\n    password: [\r\n      '',\r\n      [\r\n        Validators.required,\r\n        Validators.min(3),\r\n        Validators.max(40)\r\n      ]\r\n    ]\r\n  });\r\n\r\n  constructor(private authService: AuthService,\r\n              private fb: FormBuilder,\r\n              private router: Router) {\r\n  }\r\n\r\n  public submit(): void {\r\n    const registerRequest = this.form.value as RegisterRequest;\r\n    this.authService.register(registerRequest).subscribe({\r\n        next: (_: void) => this.router.navigate(['/login']),\r\n        error: _ => this.onError = true,\r\n      }\r\n    );\r\n  }\r\n\r\n}\r\n",
        "<div class=\"register\" fxLayout=\"row\" fxLayoutAlign=\"center center\">\r\n    <mat-card>\r\n        <mat-card-header fxLayoutAlign=\"center center\">\r\n            <mat-card-title>Register</mat-card-title>\r\n        </mat-card-header>\r\n        <form class=\"register-form\" [formGroup]=\"form\" (ngSubmit)=\"submit()\">\r\n            <mat-card-content fxLayout=\"column\">\r\n                <mat-form-field fxFlex>\r\n                    <input matInput placeholder=\"First name\" formControlName=\"firstName\">\r\n                </mat-form-field>\r\n                <mat-form-field fxFlex>\r\n                    <input matInput placeholder=\"Last name\" formControlName=\"lastName\">\r\n                </mat-form-field>\r\n                <mat-form-field fxFlex>\r\n                    <input matInput placeholder=\"Email\" formControlName=\"email\">\r\n                </mat-form-field>\r\n                <mat-form-field fxFlex>\r\n                    <input matInput placeholder=\"Password\" formControlName=\"password\">\r\n                </mat-form-field>\r\n            </mat-card-content>\r\n            <button mat-raised-button color=\"primary\" type=\"submit\" [disabled]=\"form.invalid\">Submit</button>\r\n            <span *ngIf=\"onError\" class=\"error ml2\">An error occurred</span>\r\n        </form>\r\n    </mat-card>\r\n</div>\r\n"
      ]
    },
    "_coverageSchema": "1a1c01bbd47fc00a2c39e90264f33305004495a9",
    "hash": "3e0421ae368f1e7c3510c10dea7b0ebdd198df77"
  },
  "C:\\Users\\lolle\\Desktop\\OpenClassrooms\\Projets de formation OC\\Projets à coder (FS Java-Angular)\\P5\\workspace\\front\\src\\app\\features\\auth\\auth-routing.module.ts": {
    "path": "C:\\Users\\lolle\\Desktop\\OpenClassrooms\\Projets de formation OC\\Projets à coder (FS Java-Angular)\\P5\\workspace\\front\\src\\app\\features\\auth\\auth-routing.module.ts",
    "statementMap": {
      "0": {
        "start": {
          "line": 6,
          "column": 15
        },
        "end": {
          "line": 14,
          "column": 2
        }
      },
      "1": {
        "start": {
          "line": 15,
          "column": 44
        },
        "end": {
          "line": 29,
          "column": 4
        }
      },
      "2": {
        "start": {
          "line": 18,
          "column": 2
        },
        "end": {
          "line": 20,
          "column": 4
        }
      },
      "3": {
        "start": {
          "line": 19,
          "column": 4
        },
        "end": {
          "line": 19,
          "column": 42
        }
      },
      "4": {
        "start": {
          "line": 22,
          "column": 2
        },
        "end": {
          "line": 24,
          "column": 5
        }
      },
      "5": {
        "start": {
          "line": 25,
          "column": 2
        },
        "end": {
          "line": 27,
          "column": 5
        }
      },
      "6": {
        "start": {
          "line": 28,
          "column": 2
        },
        "end": {
          "line": 28,
          "column": 27
        }
      }
    },
    "fnMap": {
      "0": {
        "name": "(anonymous_0)",
        "decl": {
          "start": {
            "line": 15,
            "column": 45
          },
          "end": {
            "line": 15,
            "column": 46
          }
        },
        "loc": {
          "start": {
            "line": 15,
            "column": 51
          },
          "end": {
            "line": 29,
            "column": 1
          }
        },
        "line": 15
      },
      "1": {
        "name": "AuthRoutingModule_Factory",
        "decl": {
          "start": {
            "line": 18,
            "column": 36
          },
          "end": {
            "line": 18,
            "column": 61
          }
        },
        "loc": {
          "start": {
            "line": 18,
            "column": 65
          },
          "end": {
            "line": 20,
            "column": 3
          }
        },
        "line": 18
      }
    },
    "branchMap": {
      "0": {
        "loc": {
          "start": {
            "line": 19,
            "column": 16
          },
          "end": {
            "line": 19,
            "column": 38
          }
        },
        "type": "binary-expr",
        "locations": [
          {
            "start": {
              "line": 19,
              "column": 16
            },
            "end": {
              "line": 19,
              "column": 17
            }
          },
          {
            "start": {
              "line": 19,
              "column": 21
            },
            "end": {
              "line": 19,
              "column": 38
            }
          }
        ],
        "line": 19
      }
    },
    "s": {
      "0": 3,
      "1": 3,
      "2": 3,
      "3": 3,
      "4": 3,
      "5": 3,
      "6": 3
    },
    "f": {
      "0": 3,
      "1": 3
    },
    "b": {
      "0": [
        3,
        3
      ]
    },
    "inputSourceMap": {
      "version": 3,
      "mappings": "AACA,SAASA,YAAT,QAAqC,iBAArC;AACA,SAASC,cAAT,QAA+B,oCAA/B;AACA,SAASC,iBAAT,QAAkC,0CAAlC;;;AAGA,MAAMC,MAAM,GAAW,CACrB;EAAEC,KAAK,EAAE,OAAT;EAAkBC,IAAI,EAAE,OAAxB;EAAiCC,SAAS,EAAEL;AAA5C,CADqB,EAErB;EAAEG,KAAK,EAAE,UAAT;EAAqBC,IAAI,EAAE,UAA3B;EAAuCC,SAAS,EAAEJ;AAAlD,CAFqB,CAAvB;AASA,WAAaK,iBAAb;EAAM,MAAOA,iBAAP,CAAwB;;;qBAAjBA;EAAiB;;;UAAjBA;;;cAHDP,YAAY,CAACQ,QAAb,CAAsBL,MAAtB,GACAH;;EAEZ,OAAaO,iBAAb;AAAA",
      "names": [
        "RouterModule",
        "LoginComponent",
        "RegisterComponent",
        "routes",
        "title",
        "path",
        "component",
        "AuthRoutingModule",
        "forChild"
      ],
      "sourceRoot": "",
      "sources": [
        "C:\\Users\\lolle\\Desktop\\OpenClassrooms\\Projets de formation OC\\Projets à coder (FS Java-Angular)\\P5\\workspace\\front\\src\\app\\features\\auth\\auth-routing.module.ts"
      ],
      "sourcesContent": [
        "import { NgModule } from '@angular/core';\r\nimport { RouterModule, Routes } from '@angular/router';\r\nimport { LoginComponent } from './components/login/login.component';\r\nimport { RegisterComponent } from './components/register/register.component';\r\n\r\n\r\nconst routes: Routes = [\r\n  { title: 'Login', path: 'login', component: LoginComponent },\r\n  { title: 'Register', path: 'register', component: RegisterComponent }\r\n];\r\n\r\n@NgModule({\r\n  imports: [RouterModule.forChild(routes)],\r\n  exports: [RouterModule]\r\n})\r\nexport class AuthRoutingModule { }\r\n"
      ]
    },
    "_coverageSchema": "1a1c01bbd47fc00a2c39e90264f33305004495a9",
    "hash": "bff112db1656edabb3985ef3b122157a074aec27"
  },
  "C:\\Users\\lolle\\Desktop\\OpenClassrooms\\Projets de formation OC\\Projets à coder (FS Java-Angular)\\P5\\workspace\\front\\src\\app\\features\\auth\\auth.module.ts": {
    "path": "C:\\Users\\lolle\\Desktop\\OpenClassrooms\\Projets de formation OC\\Projets à coder (FS Java-Angular)\\P5\\workspace\\front\\src\\app\\features\\auth\\auth.module.ts",
    "statementMap": {
      "0": {
        "start": {
          "line": 11,
          "column": 24
        },
        "end": {
          "line": 11,
          "column": 107
        }
      },
      "1": {
        "start": {
          "line": 12,
          "column": 37
        },
        "end": {
          "line": 26,
          "column": 4
        }
      },
      "2": {
        "start": {
          "line": 15,
          "column": 2
        },
        "end": {
          "line": 17,
          "column": 4
        }
      },
      "3": {
        "start": {
          "line": 16,
          "column": 4
        },
        "end": {
          "line": 16,
          "column": 35
        }
      },
      "4": {
        "start": {
          "line": 19,
          "column": 2
        },
        "end": {
          "line": 21,
          "column": 5
        }
      },
      "5": {
        "start": {
          "line": 22,
          "column": 2
        },
        "end": {
          "line": 24,
          "column": 5
        }
      },
      "6": {
        "start": {
          "line": 25,
          "column": 2
        },
        "end": {
          "line": 25,
          "column": 20
        }
      }
    },
    "fnMap": {
      "0": {
        "name": "(anonymous_0)",
        "decl": {
          "start": {
            "line": 12,
            "column": 38
          },
          "end": {
            "line": 12,
            "column": 39
          }
        },
        "loc": {
          "start": {
            "line": 12,
            "column": 44
          },
          "end": {
            "line": 26,
            "column": 1
          }
        },
        "line": 12
      },
      "1": {
        "name": "AuthModule_Factory",
        "decl": {
          "start": {
            "line": 15,
            "column": 29
          },
          "end": {
            "line": 15,
            "column": 47
          }
        },
        "loc": {
          "start": {
            "line": 15,
            "column": 51
          },
          "end": {
            "line": 17,
            "column": 3
          }
        },
        "line": 15
      }
    },
    "branchMap": {
      "0": {
        "loc": {
          "start": {
            "line": 16,
            "column": 16
          },
          "end": {
            "line": 16,
            "column": 31
          }
        },
        "type": "binary-expr",
        "locations": [
          {
            "start": {
              "line": 16,
              "column": 16
            },
            "end": {
              "line": 16,
              "column": 17
            }
          },
          {
            "start": {
              "line": 16,
              "column": 21
            },
            "end": {
              "line": 16,
              "column": 31
            }
          }
        ],
        "line": 16
      }
    },
    "s": {
      "0": 3,
      "1": 3,
      "2": 3,
      "3": 3,
      "4": 3,
      "5": 3,
      "6": 3
    },
    "f": {
      "0": 3,
      "1": 3
    },
    "b": {
      "0": [
        3,
        3
      ]
    },
    "inputSourceMap": {
      "version": 3,
      "mappings": "AACA,SAASA,YAAT,QAA6B,iBAA7B;AACA,SAASC,iBAAT,QAAkC,uBAAlC;AAGA,SAASC,aAAT,QAA8B,wBAA9B;AACA,SAASC,kBAAT,QAAmC,8BAAnC;AACA,SAASC,eAAT,QAAgC,0BAAhC;AACA,SAASC,cAAT,QAA+B,yBAA/B;AACA,SAASC,gBAAT,QAAiC,sBAAjC;AACA,SAASC,WAAT,EAAsBC,mBAAtB,QAAiD,gBAAjD;AACA,SAASC,aAAT,QAA8B,wBAA9B;;AAEA,MAAMC,eAAe,GAAG,CACtBN,eADsB,EAEtBF,aAFsB,EAGtBC,kBAHsB,EAItBM,aAJsB,EAKtBJ,cALsB,CAAxB;AAsBA,WAAaM,UAAb;EAAM,MAAOA,UAAP,CAAiB;;;qBAAVA;EAAU;;;UAAVA;;;cARTV,mBACAD,cACAM,kBACAC,aACAC,qBACGE;;EAGP,OAAaC,UAAb;AAAA",
      "names": [
        "CommonModule",
        "AuthRoutingModule",
        "MatCardModule",
        "MatFormFieldModule",
        "MatButtonModule",
        "MatInputModule",
        "FlexLayoutModule",
        "FormsModule",
        "ReactiveFormsModule",
        "MatIconModule",
        "materialModules",
        "AuthModule"
      ],
      "sourceRoot": "",
      "sources": [
        "C:\\Users\\lolle\\Desktop\\OpenClassrooms\\Projets de formation OC\\Projets à coder (FS Java-Angular)\\P5\\workspace\\front\\src\\app\\features\\auth\\auth.module.ts"
      ],
      "sourcesContent": [
        "import { NgModule } from '@angular/core';\r\nimport { CommonModule } from '@angular/common';\r\nimport { AuthRoutingModule } from './auth-routing.module';\r\nimport { RegisterComponent } from './components/register/register.component';\r\nimport { LoginComponent } from './components/login/login.component';\r\nimport { MatCardModule } from '@angular/material/card';\r\nimport { MatFormFieldModule } from '@angular/material/form-field';\r\nimport { MatButtonModule } from '@angular/material/button';\r\nimport { MatInputModule } from '@angular/material/input';\r\nimport { FlexLayoutModule } from '@angular/flex-layout';\r\nimport { FormsModule, ReactiveFormsModule } from '@angular/forms';\r\nimport { MatIconModule } from '@angular/material/icon';\r\n\r\nconst materialModules = [\r\n  MatButtonModule,\r\n  MatCardModule,\r\n  MatFormFieldModule,\r\n  MatIconModule,\r\n  MatInputModule\r\n]\r\n\r\n@NgModule({\r\n  declarations: [\r\n    RegisterComponent,\r\n    LoginComponent\r\n  ],\r\n  imports: [\r\n    AuthRoutingModule,\r\n    CommonModule,\r\n    FlexLayoutModule,\r\n    FormsModule,\r\n    ReactiveFormsModule,\r\n    ...materialModules\r\n  ]\r\n})\r\nexport class AuthModule { }\r\n"
      ]
    },
    "_coverageSchema": "1a1c01bbd47fc00a2c39e90264f33305004495a9",
    "hash": "8b5fb0bb7714751cbc2ea606268f71a60fcc1400"
  }
}